[0.023s] Invoking command in '/Users/ammiellewambobecker/CL2/robostack/ros2_ws/src/ros-task/build/limo_control': CMAKE_PREFIX_PATH=${CMAKE_PREFIX_PATH}:/Users/ammiellewambobecker/CL2/robostack/.pixi/envs/humble CONDA_PROMPT_MODIFIER=(base) SHLVL=2 _=/usr/bin/env __CF_USER_TEXT_ENCODING=0x1F5:0x0:0x52 /Users/ammiellewambobecker/CL2/robostack/.pixi/envs/humble/bin/cmake /Users/ammiellewambobecker/CL2/robostack/ros2_ws/src/ros-task/workspace/limo_control -DCMAKE_VERBOSE_MAKEFILE=ON -DCMAKE_INSTALL_PREFIX=/Users/ammiellewambobecker/CL2/robostack/ros2_ws/src/ros-task/install/limo_control
[0.124s] CMake Deprecation Warning at CMakeLists.txt:1 (cmake_minimum_required):
[0.124s]   Compatibility with CMake < 3.10 will be removed from a future version of
[0.125s]   CMake.
[0.125s] 
[0.125s]   Update the VERSION argument <min> value.  Or, use the <min>...<max> syntax
[0.125s]   to tell CMake that the project requires at least <min> but has been updated
[0.125s]   to work with policies introduced by <max> or earlier.
[0.125s] 
[0.125s] 
[0.158s] -- Found ament_cmake: 1.3.11 (/Users/ammiellewambobecker/CL2/robostack/.pixi/envs/humble/share/ament_cmake/cmake)
[0.323s] -- Found rclcpp: 16.0.11 (/Users/ammiellewambobecker/CL2/robostack/.pixi/envs/humble/share/rclcpp/cmake)
[0.376s] -- Found rosidl_generator_c: 3.1.6 (/Users/ammiellewambobecker/CL2/robostack/.pixi/envs/humble/share/rosidl_generator_c/cmake)
[0.380s] -- Found rosidl_adapter: 3.1.6 (/Users/ammiellewambobecker/CL2/robostack/.pixi/envs/humble/share/rosidl_adapter/cmake)
[0.389s] -- Found rosidl_generator_cpp: 3.1.6 (/Users/ammiellewambobecker/CL2/robostack/.pixi/envs/humble/share/rosidl_generator_cpp/cmake)
[0.404s] -- Using all available rosidl_typesupport_c: rosidl_typesupport_fastrtps_c;rosidl_typesupport_introspection_c
[0.421s] -- Using all available rosidl_typesupport_cpp: rosidl_typesupport_fastrtps_cpp;rosidl_typesupport_introspection_cpp
[0.552s] -- Found rmw_implementation_cmake: 6.1.2 (/Users/ammiellewambobecker/CL2/robostack/.pixi/envs/humble/share/rmw_implementation_cmake/cmake)
[0.555s] -- Found rmw_fastrtps_cpp: 6.2.7 (/Users/ammiellewambobecker/CL2/robostack/.pixi/envs/humble/share/rmw_fastrtps_cpp/cmake)
[0.728s] -- Using RMW implementation 'rmw_fastrtps_cpp' as default
[0.781s] -- Found geometry_msgs: 4.2.4 (/Users/ammiellewambobecker/CL2/robostack/.pixi/envs/humble/share/geometry_msgs/cmake)
[0.820s] -- Found nav_msgs: 4.2.4 (/Users/ammiellewambobecker/CL2/robostack/.pixi/envs/humble/share/nav_msgs/cmake)
[0.860s] CMake Error at CMakeLists.txt:26 (find_package):
[0.860s]   By not providing "Findgz-transport12.cmake" in CMAKE_MODULE_PATH this
[0.860s]   project has asked CMake to find a package configuration file provided by
[0.860s]   "gz-transport12", but CMake did not find one.
[0.860s] 
[0.860s]   Could not find a package configuration file provided by "gz-transport12"
[0.860s]   with any of the following names:
[0.860s] 
[0.860s]     gz-transport12Config.cmake
[0.860s]     gz-transport12-config.cmake
[0.860s] 
[0.860s]   Add the installation prefix of "gz-transport12" to CMAKE_PREFIX_PATH or set
[0.860s]   "gz-transport12_DIR" to a directory containing one of the above files.  If
[0.860s]   "gz-transport12" provides a separate development package or SDK, be sure it
[0.860s]   has been installed.
[0.860s] 
[0.860s] 
[0.860s] -- Configuring incomplete, errors occurred!
[0.865s] Invoked command in '/Users/ammiellewambobecker/CL2/robostack/ros2_ws/src/ros-task/build/limo_control' returned '1': CMAKE_PREFIX_PATH=${CMAKE_PREFIX_PATH}:/Users/ammiellewambobecker/CL2/robostack/.pixi/envs/humble CONDA_PROMPT_MODIFIER=(base) SHLVL=2 _=/usr/bin/env __CF_USER_TEXT_ENCODING=0x1F5:0x0:0x52 /Users/ammiellewambobecker/CL2/robostack/.pixi/envs/humble/bin/cmake /Users/ammiellewambobecker/CL2/robostack/ros2_ws/src/ros-task/workspace/limo_control -DCMAKE_VERBOSE_MAKEFILE=ON -DCMAKE_INSTALL_PREFIX=/Users/ammiellewambobecker/CL2/robostack/ros2_ws/src/ros-task/install/limo_control
