[0.015s] Invoking command in '/Users/ammiellewambobecker/CL2/robostack/ros2_ws/src/ros-task/build/limo_control': CMAKE_PREFIX_PATH=${CMAKE_PREFIX_PATH}:/Users/ammiellewambobecker/CL2/robostack/ros2_ws/src/ros-task/.pixi/envs/default CONDA_PROMPT_MODIFIER=(base) PIXI_PROMPT=(ros-task) SHLVL=2 _=/usr/bin/env /Users/ammiellewambobecker/CL2/robostack/ros2_ws/src/ros-task/.pixi/envs/default/bin/cmake /Users/ammiellewambobecker/CL2/robostack/ros2_ws/src/ros-task/workspace/limo_control -DAMENT_CMAKE_SYMLINK_INSTALL=1 -DCMAKE_INSTALL_PREFIX=/Users/ammiellewambobecker/CL2/robostack/ros2_ws/src/ros-task/install/limo_control
[0.067s] CMake Deprecation Warning at CMakeLists.txt:1 (cmake_minimum_required):
[0.067s]   Compatibility with CMake < 3.10 will be removed from a future version of
[0.067s]   CMake.
[0.067s] 
[0.067s]   Update the VERSION argument <min> value.  Or, use the <min>...<max> syntax
[0.067s]   to tell CMake that the project requires at least <min> but has been updated
[0.067s]   to work with policies introduced by <max> or earlier.
[0.067s] 
[0.067s] 
[0.135s] -- Found ament_cmake: 1.3.11 (/Users/ammiellewambobecker/CL2/robostack/.pixi/envs/humble/share/ament_cmake/cmake)
[0.337s] -- Override CMake install command with custom implementation using symlinks instead of copying resources
[0.356s] -- Found rclcpp: 16.0.11 (/Users/ammiellewambobecker/CL2/robostack/.pixi/envs/humble/share/rclcpp/cmake)
[0.405s] -- Found rosidl_generator_c: 3.1.6 (/Users/ammiellewambobecker/CL2/robostack/.pixi/envs/humble/share/rosidl_generator_c/cmake)
[0.408s] -- Found rosidl_adapter: 3.1.6 (/Users/ammiellewambobecker/CL2/robostack/.pixi/envs/humble/share/rosidl_adapter/cmake)
[0.418s] -- Found rosidl_generator_cpp: 3.1.6 (/Users/ammiellewambobecker/CL2/robostack/.pixi/envs/humble/share/rosidl_generator_cpp/cmake)
[0.433s] -- Using all available rosidl_typesupport_c: rosidl_typesupport_fastrtps_c;rosidl_typesupport_introspection_c
[0.451s] -- Using all available rosidl_typesupport_cpp: rosidl_typesupport_fastrtps_cpp;rosidl_typesupport_introspection_cpp
[0.874s] -- Found rmw_implementation_cmake: 6.1.2 (/Users/ammiellewambobecker/CL2/robostack/.pixi/envs/humble/share/rmw_implementation_cmake/cmake)
[0.876s] -- Found rmw_fastrtps_cpp: 6.2.7 (/Users/ammiellewambobecker/CL2/robostack/.pixi/envs/humble/share/rmw_fastrtps_cpp/cmake)
[1.030s] -- Using RMW implementation 'rmw_fastrtps_cpp' as default
[1.078s] -- Found geometry_msgs: 4.2.4 (/Users/ammiellewambobecker/CL2/robostack/.pixi/envs/humble/share/geometry_msgs/cmake)
[1.113s] -- Found nav_msgs: 4.2.4 (/Users/ammiellewambobecker/CL2/robostack/.pixi/envs/humble/share/nav_msgs/cmake)
[1.134s] CMake Error at /Users/ammiellewambobecker/CL2/robostack/.pixi/envs/humble/share/ament_cmake_core/cmake/symlink_install/ament_cmake_symlink_install_targets.cmake:67 (message):
[1.134s]   ament_cmake_symlink_install_targets() 'pose_controller' is not a target
[1.134s] Call Stack (most recent call first):
[1.134s]   /Users/ammiellewambobecker/CL2/robostack/.pixi/envs/humble/share/ament_cmake_core/cmake/symlink_install/install.cmake:37 (ament_cmake_symlink_install_targets)
[1.134s]   CMakeLists.txt:13 (install)
[1.134s] 
[1.134s] 
[1.134s] -- Configuring incomplete, errors occurred!
[1.138s] Invoked command in '/Users/ammiellewambobecker/CL2/robostack/ros2_ws/src/ros-task/build/limo_control' returned '1': CMAKE_PREFIX_PATH=${CMAKE_PREFIX_PATH}:/Users/ammiellewambobecker/CL2/robostack/ros2_ws/src/ros-task/.pixi/envs/default CONDA_PROMPT_MODIFIER=(base) PIXI_PROMPT=(ros-task) SHLVL=2 _=/usr/bin/env /Users/ammiellewambobecker/CL2/robostack/ros2_ws/src/ros-task/.pixi/envs/default/bin/cmake /Users/ammiellewambobecker/CL2/robostack/ros2_ws/src/ros-task/workspace/limo_control -DAMENT_CMAKE_SYMLINK_INSTALL=1 -DCMAKE_INSTALL_PREFIX=/Users/ammiellewambobecker/CL2/robostack/ros2_ws/src/ros-task/install/limo_control
