[0.030s] Invoking command in '/Users/ammiellewambobecker/CL2/robostack/ros2_ws/src/ros-task/build/limo_control': CMAKE_PREFIX_PATH=${CMAKE_PREFIX_PATH}:/Users/ammiellewambobecker/CL2/robostack/ros2_ws/src/ros-task/.pixi/envs/default CONDA_PROMPT_MODIFIER=(base) PIXI_PROMPT=(ros-task) SHLVL=2 _=/usr/bin/env /Users/ammiellewambobecker/CL2/robostack/ros2_ws/src/ros-task/.pixi/envs/default/bin/cmake /Users/ammiellewambobecker/CL2/robostack/ros2_ws/src/ros-task/workspace/limo_control -DAMENT_CMAKE_SYMLINK_INSTALL=1 -DCMAKE_INSTALL_PREFIX=/Users/ammiellewambobecker/CL2/robostack/ros2_ws/src/ros-task/install/limo_control
[1.769s] CMake Deprecation Warning at CMakeLists.txt:1 (cmake_minimum_required):
[1.769s]   Compatibility with CMake < 3.10 will be removed from a future version of
[1.769s]   CMake.
[1.769s] 
[1.769s]   Update the VERSION argument <min> value.  Or, use the <min>...<max> syntax
[1.769s]   to tell CMake that the project requires at least <min> but has been updated
[1.769s]   to work with policies introduced by <max> or earlier.
[1.769s] 
[1.769s] 
[2.282s] -- The C compiler identification is Clang 18.1.8
[2.430s] -- The CXX compiler identification is Clang 18.1.8
[2.492s] -- Detecting C compiler ABI info
[2.713s] -- Detecting C compiler ABI info - done
[2.718s] -- Check for working C compiler: /Users/ammiellewambobecker/CL2/robostack/.pixi/envs/humble/bin/arm64-apple-darwin20.0.0-clang - skipped
[2.718s] -- Detecting C compile features
[2.719s] -- Detecting C compile features - done
[2.725s] -- Detecting CXX compiler ABI info
[2.925s] -- Detecting CXX compiler ABI info - done
[2.931s] -- Check for working CXX compiler: /Users/ammiellewambobecker/CL2/robostack/.pixi/envs/humble/bin/arm64-apple-darwin20.0.0-clang++ - skipped
[2.931s] -- Detecting CXX compile features
[2.931s] -- Detecting CXX compile features - done
[2.935s] -- Found ament_cmake: 1.3.11 (/Users/ammiellewambobecker/CL2/robostack/.pixi/envs/humble/share/ament_cmake/cmake)
[3.073s] -- Found Python3: /Users/ammiellewambobecker/CL2/robostack/.pixi/envs/humble/bin/python3 (found version "3.11.11") found components: Interpreter
[3.167s] -- Override CMake install command with custom implementation using symlinks instead of copying resources
[3.192s] -- Found rclcpp: 16.0.11 (/Users/ammiellewambobecker/CL2/robostack/.pixi/envs/humble/share/rclcpp/cmake)
[3.235s] -- Found rosidl_generator_c: 3.1.6 (/Users/ammiellewambobecker/CL2/robostack/.pixi/envs/humble/share/rosidl_generator_c/cmake)
[3.239s] -- Found rosidl_adapter: 3.1.6 (/Users/ammiellewambobecker/CL2/robostack/.pixi/envs/humble/share/rosidl_adapter/cmake)
[3.249s] -- Found rosidl_generator_cpp: 3.1.6 (/Users/ammiellewambobecker/CL2/robostack/.pixi/envs/humble/share/rosidl_generator_cpp/cmake)
[3.264s] -- Using all available rosidl_typesupport_c: rosidl_typesupport_fastrtps_c;rosidl_typesupport_introspection_c
[3.279s] -- Using all available rosidl_typesupport_cpp: rosidl_typesupport_fastrtps_cpp;rosidl_typesupport_introspection_cpp
[4.039s] -- Found rmw_implementation_cmake: 6.1.2 (/Users/ammiellewambobecker/CL2/robostack/.pixi/envs/humble/share/rmw_implementation_cmake/cmake)
[4.042s] -- Found rmw_fastrtps_cpp: 6.2.7 (/Users/ammiellewambobecker/CL2/robostack/.pixi/envs/humble/share/rmw_fastrtps_cpp/cmake)
[4.100s] -- Found OpenSSL: /Users/ammiellewambobecker/CL2/robostack/.pixi/envs/humble/lib/libcrypto.dylib (found version "3.4.1")
[4.206s] -- Using RMW implementation 'rmw_fastrtps_cpp' as default
[4.260s] -- Found geometry_msgs: 4.2.4 (/Users/ammiellewambobecker/CL2/robostack/.pixi/envs/humble/share/geometry_msgs/cmake)
[4.297s] -- Found nav_msgs: 4.2.4 (/Users/ammiellewambobecker/CL2/robostack/.pixi/envs/humble/share/nav_msgs/cmake)
[4.434s] CMake Error at CMakeLists.txt:26 (find_package):
[4.434s]   By not providing "Findgz-transport12.cmake" in CMAKE_MODULE_PATH this
[4.434s]   project has asked CMake to find a package configuration file provided by
[4.434s]   "gz-transport12", but CMake did not find one.
[4.434s] 
[4.434s]   Could not find a package configuration file provided by "gz-transport12"
[4.434s]   with any of the following names:
[4.434s] 
[4.434s]     gz-transport12Config.cmake
[4.434s]     gz-transport12-config.cmake
[4.434s] 
[4.434s]   Add the installation prefix of "gz-transport12" to CMAKE_PREFIX_PATH or set
[4.434s]   "gz-transport12_DIR" to a directory containing one of the above files.  If
[4.434s]   "gz-transport12" provides a separate development package or SDK, be sure it
[4.434s]   has been installed.
[4.434s] 
[4.434s] 
[4.434s] -- Configuring incomplete, errors occurred!
[4.441s] Invoked command in '/Users/ammiellewambobecker/CL2/robostack/ros2_ws/src/ros-task/build/limo_control' returned '1': CMAKE_PREFIX_PATH=${CMAKE_PREFIX_PATH}:/Users/ammiellewambobecker/CL2/robostack/ros2_ws/src/ros-task/.pixi/envs/default CONDA_PROMPT_MODIFIER=(base) PIXI_PROMPT=(ros-task) SHLVL=2 _=/usr/bin/env /Users/ammiellewambobecker/CL2/robostack/ros2_ws/src/ros-task/.pixi/envs/default/bin/cmake /Users/ammiellewambobecker/CL2/robostack/ros2_ws/src/ros-task/workspace/limo_control -DAMENT_CMAKE_SYMLINK_INSTALL=1 -DCMAKE_INSTALL_PREFIX=/Users/ammiellewambobecker/CL2/robostack/ros2_ws/src/ros-task/install/limo_control
