Change Dir: '/Users/ammiellewambobecker/CL2/robostack/ros2_ws/src/ros-task/build/limo_control'

Run Build Command(s): /Users/ammiellewambobecker/CL2/robostack/ros2_ws/src/ros-task/.pixi/envs/default/bin/cmake -E env VERBOSE=1 /Users/ammiellewambobecker/CL2/robostack/.pixi/envs/humble/bin/make -f Makefile -j12 -l12
/Users/ammiellewambobecker/CL2/robostack/ros2_ws/src/ros-task/.pixi/envs/default/bin/cmake -S/Users/ammiellewambobecker/CL2/robostack/ros2_ws/src/ros-task/workspace/limo_control -B/Users/ammiellewambobecker/CL2/robostack/ros2_ws/src/ros-task/build/limo_control --check-build-system CMakeFiles/Makefile.cmake 0
/Users/ammiellewambobecker/CL2/robostack/ros2_ws/src/ros-task/.pixi/envs/default/bin/cmake -E cmake_progress_start /Users/ammiellewambobecker/CL2/robostack/ros2_ws/src/ros-task/build/limo_control/CMakeFiles /Users/ammiellewambobecker/CL2/robostack/ros2_ws/src/ros-task/build/limo_control//CMakeFiles/progress.marks
/Users/ammiellewambobecker/CL2/robostack/.pixi/envs/humble/bin/make  -f CMakeFiles/Makefile2 all
make[1]: Entering directory '/Users/ammiellewambobecker/CL2/robostack/ros2_ws/src/ros-task/build/limo_control'
make[1]: Nothing to be done for 'all'.
make[1]: Leaving directory '/Users/ammiellewambobecker/CL2/robostack/ros2_ws/src/ros-task/build/limo_control'
/Users/ammiellewambobecker/CL2/robostack/ros2_ws/src/ros-task/.pixi/envs/default/bin/cmake -E cmake_progress_start /Users/ammiellewambobecker/CL2/robostack/ros2_ws/src/ros-task/build/limo_control/CMakeFiles 0

-- Install configuration: ""
-- Execute custom install script
-- Up-to-date symlink: /Users/ammiellewambobecker/CL2/robostack/ros2_ws/src/ros-task/install/limo_control/share/ament_index/resource_index/package_run_dependencies/limo_control
-- Up-to-date symlink: /Users/ammiellewambobecker/CL2/robostack/ros2_ws/src/ros-task/install/limo_control/share/ament_index/resource_index/parent_prefix_path/limo_control
-- Up-to-date symlink: /Users/ammiellewambobecker/CL2/robostack/ros2_ws/src/ros-task/install/limo_control/share/limo_control/environment/ament_prefix_path.sh
-- Up-to-date symlink: /Users/ammiellewambobecker/CL2/robostack/ros2_ws/src/ros-task/install/limo_control/share/limo_control/environment/ament_prefix_path.dsv
-- Up-to-date symlink: /Users/ammiellewambobecker/CL2/robostack/ros2_ws/src/ros-task/install/limo_control/share/limo_control/environment/path.sh
-- Up-to-date symlink: /Users/ammiellewambobecker/CL2/robostack/ros2_ws/src/ros-task/install/limo_control/share/limo_control/environment/path.dsv
-- Up-to-date symlink: /Users/ammiellewambobecker/CL2/robostack/ros2_ws/src/ros-task/install/limo_control/share/limo_control/local_setup.bash
-- Up-to-date symlink: /Users/ammiellewambobecker/CL2/robostack/ros2_ws/src/ros-task/install/limo_control/share/limo_control/local_setup.sh
-- Up-to-date symlink: /Users/ammiellewambobecker/CL2/robostack/ros2_ws/src/ros-task/install/limo_control/share/limo_control/local_setup.zsh
-- Up-to-date symlink: /Users/ammiellewambobecker/CL2/robostack/ros2_ws/src/ros-task/install/limo_control/share/limo_control/local_setup.dsv
-- Symlinking: /Users/ammiellewambobecker/CL2/robostack/ros2_ws/src/ros-task/install/limo_control/share/limo_control/package.dsv
-- Up-to-date symlink: /Users/ammiellewambobecker/CL2/robostack/ros2_ws/src/ros-task/install/limo_control/share/ament_index/resource_index/packages/limo_control
-- Up-to-date symlink: /Users/ammiellewambobecker/CL2/robostack/ros2_ws/src/ros-task/install/limo_control/share/limo_control/cmake/limo_controlConfig.cmake
-- Up-to-date symlink: /Users/ammiellewambobecker/CL2/robostack/ros2_ws/src/ros-task/install/limo_control/share/limo_control/cmake/limo_controlConfig-version.cmake
-- Up-to-date symlink: /Users/ammiellewambobecker/CL2/robostack/ros2_ws/src/ros-task/install/limo_control/share/limo_control/package.xml
