[0.016s] Invoking command in '/Users/ammiellewambobecker/CL2/robostack/ros2_ws/src/ros-task/build/limo_control': CMAKE_PREFIX_PATH=${CMAKE_PREFIX_PATH}:/Users/ammiellewambobecker/CL2/robostack/ros2_ws/src/ros-task/.pixi/envs/default CONDA_PROMPT_MODIFIER=(base) PIXI_PROMPT=(ros-task) SHLVL=2 _=/usr/bin/env /Users/ammiellewambobecker/CL2/robostack/ros2_ws/src/ros-task/.pixi/envs/default/bin/cmake /Users/ammiellewambobecker/CL2/robostack/ros2_ws/src/ros-task/workspace/limo_control -DAMENT_CMAKE_SYMLINK_INSTALL=1 -DCMAKE_INSTALL_PREFIX=/Users/ammiellewambobecker/CL2/robostack/ros2_ws/src/ros-task/install/limo_control
[0.062s] CMake Deprecation Warning at CMakeLists.txt:1 (cmake_minimum_required):
[0.062s]   Compatibility with CMake < 3.10 will be removed from a future version of
[0.062s]   CMake.
[0.062s] 
[0.062s]   Update the VERSION argument <min> value.  Or, use the <min>...<max> syntax
[0.062s]   to tell CMake that the project requires at least <min> but has been updated
[0.062s]   to work with policies introduced by <max> or earlier.
[0.062s] 
[0.062s] 
[0.132s] -- Found ament_cmake: 1.3.11 (/Users/ammiellewambobecker/CL2/robostack/.pixi/envs/humble/share/ament_cmake/cmake)
[0.313s] -- Override CMake install command with custom implementation using symlinks instead of copying resources
[0.328s] -- Found rclcpp: 16.0.11 (/Users/ammiellewambobecker/CL2/robostack/.pixi/envs/humble/share/rclcpp/cmake)
[0.378s] -- Found rosidl_generator_c: 3.1.6 (/Users/ammiellewambobecker/CL2/robostack/.pixi/envs/humble/share/rosidl_generator_c/cmake)
[0.381s] -- Found rosidl_adapter: 3.1.6 (/Users/ammiellewambobecker/CL2/robostack/.pixi/envs/humble/share/rosidl_adapter/cmake)
[0.391s] -- Found rosidl_generator_cpp: 3.1.6 (/Users/ammiellewambobecker/CL2/robostack/.pixi/envs/humble/share/rosidl_generator_cpp/cmake)
[0.403s] -- Using all available rosidl_typesupport_c: rosidl_typesupport_fastrtps_c;rosidl_typesupport_introspection_c
[0.419s] -- Using all available rosidl_typesupport_cpp: rosidl_typesupport_fastrtps_cpp;rosidl_typesupport_introspection_cpp
[0.725s] -- Found rmw_implementation_cmake: 6.1.2 (/Users/ammiellewambobecker/CL2/robostack/.pixi/envs/humble/share/rmw_implementation_cmake/cmake)
[0.728s] -- Found rmw_fastrtps_cpp: 6.2.7 (/Users/ammiellewambobecker/CL2/robostack/.pixi/envs/humble/share/rmw_fastrtps_cpp/cmake)
[0.892s] -- Using RMW implementation 'rmw_fastrtps_cpp' as default
[0.940s] -- Found geometry_msgs: 4.2.4 (/Users/ammiellewambobecker/CL2/robostack/.pixi/envs/humble/share/geometry_msgs/cmake)
[0.972s] -- Found nav_msgs: 4.2.4 (/Users/ammiellewambobecker/CL2/robostack/.pixi/envs/humble/share/nav_msgs/cmake)
[0.991s] CMake Error at /Users/ammiellewambobecker/CL2/robostack/.pixi/envs/humble/share/ament_cmake_core/cmake/symlink_install/ament_cmake_symlink_install_targets.cmake:67 (message):
[0.991s]   ament_cmake_symlink_install_targets() 'pose_controller' is not a target
[0.991s] Call Stack (most recent call first):
[0.991s]   /Users/ammiellewambobecker/CL2/robostack/.pixi/envs/humble/share/ament_cmake_core/cmake/symlink_install/install.cmake:37 (ament_cmake_symlink_install_targets)
[0.991s]   CMakeLists.txt:13 (install)
[0.991s] 
[0.991s] 
[0.991s] -- Configuring incomplete, errors occurred!
[0.994s] Invoked command in '/Users/ammiellewambobecker/CL2/robostack/ros2_ws/src/ros-task/build/limo_control' returned '1': CMAKE_PREFIX_PATH=${CMAKE_PREFIX_PATH}:/Users/ammiellewambobecker/CL2/robostack/ros2_ws/src/ros-task/.pixi/envs/default CONDA_PROMPT_MODIFIER=(base) PIXI_PROMPT=(ros-task) SHLVL=2 _=/usr/bin/env /Users/ammiellewambobecker/CL2/robostack/ros2_ws/src/ros-task/.pixi/envs/default/bin/cmake /Users/ammiellewambobecker/CL2/robostack/ros2_ws/src/ros-task/workspace/limo_control -DAMENT_CMAKE_SYMLINK_INSTALL=1 -DCMAKE_INSTALL_PREFIX=/Users/ammiellewambobecker/CL2/robostack/ros2_ws/src/ros-task/install/limo_control
