[0.014s] Invoking command in '/Users/ammiellewambobecker/CL2/robostack/ros2_ws/src/ros-task/build/limo_simulation': CMAKE_PREFIX_PATH=/Users/ammiellewambobecker/CL2/robostack/ros2_ws/src/ros-task/.pixi/envs/default CONDA_PROMPT_MODIFIER=(base) PIXI_PROMPT=(ros-task) SHLVL=2 _=/usr/bin/env /Users/ammiellewambobecker/CL2/robostack/ros2_ws/src/ros-task/.pixi/envs/default/bin/cmake --build /Users/ammiellewambobecker/CL2/robostack/ros2_ws/src/ros-task/build/limo_simulation -- -j12 -l12
[0.152s] Invoked command in '/Users/ammiellewambobecker/CL2/robostack/ros2_ws/src/ros-task/build/limo_simulation' returned '0': CMAKE_PREFIX_PATH=/Users/ammiellewambobecker/CL2/robostack/ros2_ws/src/ros-task/.pixi/envs/default CONDA_PROMPT_MODIFIER=(base) PIXI_PROMPT=(ros-task) SHLVL=2 _=/usr/bin/env /Users/ammiellewambobecker/CL2/robostack/ros2_ws/src/ros-task/.pixi/envs/default/bin/cmake --build /Users/ammiellewambobecker/CL2/robostack/ros2_ws/src/ros-task/build/limo_simulation -- -j12 -l12
[0.223s] Invoking command in '/Users/ammiellewambobecker/CL2/robostack/ros2_ws/src/ros-task/build/limo_simulation': CMAKE_PREFIX_PATH=/Users/ammiellewambobecker/CL2/robostack/ros2_ws/src/ros-task/.pixi/envs/default CONDA_PROMPT_MODIFIER=(base) PIXI_PROMPT=(ros-task) SHLVL=2 _=/usr/bin/env /Users/ammiellewambobecker/CL2/robostack/ros2_ws/src/ros-task/.pixi/envs/default/bin/cmake --install /Users/ammiellewambobecker/CL2/robostack/ros2_ws/src/ros-task/build/limo_simulation
[0.236s] -- Install configuration: ""
[0.237s] -- Execute custom install script
[0.238s] -- Up-to-date symlink: /Users/ammiellewambobecker/CL2/robostack/ros2_ws/src/ros-task/install/limo_simulation/share/limo_simulation/launch/limo.launch.py
[0.238s] -- Up-to-date symlink: /Users/ammiellewambobecker/CL2/robostack/ros2_ws/src/ros-task/install/limo_simulation/share/limo_simulation/meshes/limo_base.dae
[0.238s] -- Up-to-date symlink: /Users/ammiellewambobecker/CL2/robostack/ros2_ws/src/ros-task/install/limo_simulation/share/limo_simulation/meshes/limo_base.stl
[0.238s] -- Up-to-date symlink: /Users/ammiellewambobecker/CL2/robostack/ros2_ws/src/ros-task/install/limo_simulation/share/limo_simulation/meshes/limo_base_decimated.dae
[0.238s] -- Up-to-date symlink: /Users/ammiellewambobecker/CL2/robostack/ros2_ws/src/ros-task/install/limo_simulation/share/limo_simulation/meshes/limo_wheel.dae
[0.238s] -- Up-to-date symlink: /Users/ammiellewambobecker/CL2/robostack/ros2_ws/src/ros-task/install/limo_simulation/share/limo_simulation/meshes/limo_wheel.stl
[0.239s] -- Up-to-date symlink: /Users/ammiellewambobecker/CL2/robostack/ros2_ws/src/ros-task/install/limo_simulation/share/limo_simulation/urdf/limo_four_diff.gazebo
[0.239s] -- Up-to-date symlink: /Users/ammiellewambobecker/CL2/robostack/ros2_ws/src/ros-task/install/limo_simulation/share/limo_simulation/urdf/limo_four_diff.xacro
[0.239s] -- Up-to-date symlink: /Users/ammiellewambobecker/CL2/robostack/ros2_ws/src/ros-task/install/limo_simulation/share/limo_simulation/urdf/limo_xacro.xacro
[0.239s] -- Up-to-date symlink: /Users/ammiellewambobecker/CL2/robostack/ros2_ws/src/ros-task/install/limo_simulation/share/limo_simulation/worlds/empty.sdf
[0.239s] -- Up-to-date symlink: /Users/ammiellewambobecker/CL2/robostack/ros2_ws/src/ros-task/install/limo_simulation/share/ament_index/resource_index/package_run_dependencies/limo_simulation
[0.239s] -- Up-to-date symlink: /Users/ammiellewambobecker/CL2/robostack/ros2_ws/src/ros-task/install/limo_simulation/share/ament_index/resource_index/parent_prefix_path/limo_simulation
[0.240s] -- Up-to-date symlink: /Users/ammiellewambobecker/CL2/robostack/ros2_ws/src/ros-task/install/limo_simulation/share/limo_simulation/environment/ament_prefix_path.sh
[0.240s] -- Up-to-date symlink: /Users/ammiellewambobecker/CL2/robostack/ros2_ws/src/ros-task/install/limo_simulation/share/limo_simulation/environment/ament_prefix_path.dsv
[0.240s] -- Up-to-date symlink: /Users/ammiellewambobecker/CL2/robostack/ros2_ws/src/ros-task/install/limo_simulation/share/limo_simulation/environment/path.sh
[0.240s] -- Up-to-date symlink: /Users/ammiellewambobecker/CL2/robostack/ros2_ws/src/ros-task/install/limo_simulation/share/limo_simulation/environment/path.dsv
[0.240s] -- Up-to-date symlink: /Users/ammiellewambobecker/CL2/robostack/ros2_ws/src/ros-task/install/limo_simulation/share/limo_simulation/local_setup.bash
[0.240s] -- Up-to-date symlink: /Users/ammiellewambobecker/CL2/robostack/ros2_ws/src/ros-task/install/limo_simulation/share/limo_simulation/local_setup.sh
[0.240s] -- Up-to-date symlink: /Users/ammiellewambobecker/CL2/robostack/ros2_ws/src/ros-task/install/limo_simulation/share/limo_simulation/local_setup.zsh
[0.240s] -- Up-to-date symlink: /Users/ammiellewambobecker/CL2/robostack/ros2_ws/src/ros-task/install/limo_simulation/share/limo_simulation/local_setup.dsv
[0.241s] -- Symlinking: /Users/ammiellewambobecker/CL2/robostack/ros2_ws/src/ros-task/install/limo_simulation/share/limo_simulation/package.dsv
[0.252s] -- Up-to-date symlink: /Users/ammiellewambobecker/CL2/robostack/ros2_ws/src/ros-task/install/limo_simulation/share/ament_index/resource_index/packages/limo_simulation
[0.252s] -- Up-to-date symlink: /Users/ammiellewambobecker/CL2/robostack/ros2_ws/src/ros-task/install/limo_simulation/share/limo_simulation/cmake/ament_cmake_export_dependencies-extras.cmake
[0.252s] -- Up-to-date symlink: /Users/ammiellewambobecker/CL2/robostack/ros2_ws/src/ros-task/install/limo_simulation/share/limo_simulation/cmake/limo_simulationConfig.cmake
[0.252s] -- Up-to-date symlink: /Users/ammiellewambobecker/CL2/robostack/ros2_ws/src/ros-task/install/limo_simulation/share/limo_simulation/cmake/limo_simulationConfig-version.cmake
[0.252s] -- Up-to-date symlink: /Users/ammiellewambobecker/CL2/robostack/ros2_ws/src/ros-task/install/limo_simulation/share/limo_simulation/package.xml
[0.254s] Invoked command in '/Users/ammiellewambobecker/CL2/robostack/ros2_ws/src/ros-task/build/limo_simulation' returned '0': CMAKE_PREFIX_PATH=/Users/ammiellewambobecker/CL2/robostack/ros2_ws/src/ros-task/.pixi/envs/default CONDA_PROMPT_MODIFIER=(base) PIXI_PROMPT=(ros-task) SHLVL=2 _=/usr/bin/env /Users/ammiellewambobecker/CL2/robostack/ros2_ws/src/ros-task/.pixi/envs/default/bin/cmake --install /Users/ammiellewambobecker/CL2/robostack/ros2_ws/src/ros-task/build/limo_simulation
