[0.021s] Invoking command in '/Users/ammiellewambobecker/CL2/robostack/ros2_ws/src/ros-task/build/limo_simulation': CONDA_PROMPT_MODIFIER=(base) PIXI_PROMPT=(robostack:humble) SHLVL=3 _=/usr/bin/env /Users/ammiellewambobecker/CL2/robostack/.pixi/envs/humble/bin/cmake /Users/ammiellewambobecker/CL2/robostack/ros2_ws/src/ros-task/workspace/limo_simulation -DCMAKE_INSTALL_PREFIX=/Users/ammiellewambobecker/CL2/robostack/ros2_ws/src/ros-task/install/limo_simulation
[0.081s] CMake Deprecation Warning at CMakeLists.txt:1 (cmake_minimum_required):
[0.081s]   Compatibility with CMake < 3.10 will be removed from a future version of
[0.081s]   CMake.
[0.081s] 
[0.081s]   Update the VERSION argument <min> value.  Or, use the <min>...<max> syntax
[0.081s]   to tell CMake that the project requires at least <min> but has been updated
[0.081s]   to work with policies introduced by <max> or earlier.
[0.081s] 
[0.081s] 
[0.515s] -- The C compiler identification is Clang 18.1.8
[0.670s] -- The CXX compiler identification is Clang 18.1.8
[0.681s] -- Detecting C compiler ABI info
[0.850s] -- Detecting C compiler ABI info - done
[0.856s] -- Check for working C compiler: /Users/ammiellewambobecker/CL2/robostack/.pixi/envs/humble/bin/arm64-apple-darwin20.0.0-clang - skipped
[0.856s] -- Detecting C compile features
[0.857s] -- Detecting C compile features - done
[0.861s] -- Detecting CXX compiler ABI info
[1.003s] -- Detecting CXX compiler ABI info - done
[1.009s] -- Check for working CXX compiler: /Users/ammiellewambobecker/CL2/robostack/.pixi/envs/humble/bin/arm64-apple-darwin20.0.0-clang++ - skipped
[1.009s] -- Detecting CXX compile features
[1.009s] -- Detecting CXX compile features - done
[1.036s] -- Found ament_cmake: 1.3.11 (/Users/ammiellewambobecker/CL2/robostack/.pixi/envs/humble/share/ament_cmake/cmake)
[1.133s] -- Found Python3: /Users/ammiellewambobecker/CL2/robostack/.pixi/envs/humble/bin/python3 (found version "3.11.11") found components: Interpreter
[1.297s] -- Found urdf: 2.6.1 (/Users/ammiellewambobecker/CL2/robostack/.pixi/envs/humble/share/urdf/cmake)
[1.377s] -- Found TinyXML2 via Config file: /Users/ammiellewambobecker/CL2/robostack/.pixi/envs/humble/lib/cmake/tinyxml2
[1.471s] -- Configuring done (1.4s)
[1.484s] -- Generating done (0.0s)
[1.484s] -- Build files have been written to: /Users/ammiellewambobecker/CL2/robostack/ros2_ws/src/ros-task/build/limo_simulation
[1.487s] Invoked command in '/Users/ammiellewambobecker/CL2/robostack/ros2_ws/src/ros-task/build/limo_simulation' returned '0': CONDA_PROMPT_MODIFIER=(base) PIXI_PROMPT=(robostack:humble) SHLVL=3 _=/usr/bin/env /Users/ammiellewambobecker/CL2/robostack/.pixi/envs/humble/bin/cmake /Users/ammiellewambobecker/CL2/robostack/ros2_ws/src/ros-task/workspace/limo_simulation -DCMAKE_INSTALL_PREFIX=/Users/ammiellewambobecker/CL2/robostack/ros2_ws/src/ros-task/install/limo_simulation
[1.488s] Invoking command in '/Users/ammiellewambobecker/CL2/robostack/ros2_ws/src/ros-task/build/limo_simulation': CONDA_PROMPT_MODIFIER=(base) PIXI_PROMPT=(robostack:humble) SHLVL=3 _=/usr/bin/env /Users/ammiellewambobecker/CL2/robostack/.pixi/envs/humble/bin/cmake --build /Users/ammiellewambobecker/CL2/robostack/ros2_ws/src/ros-task/build/limo_simulation -- -j12 -l12
[1.541s] Invoked command in '/Users/ammiellewambobecker/CL2/robostack/ros2_ws/src/ros-task/build/limo_simulation' returned '0': CONDA_PROMPT_MODIFIER=(base) PIXI_PROMPT=(robostack:humble) SHLVL=3 _=/usr/bin/env /Users/ammiellewambobecker/CL2/robostack/.pixi/envs/humble/bin/cmake --build /Users/ammiellewambobecker/CL2/robostack/ros2_ws/src/ros-task/build/limo_simulation -- -j12 -l12
[1.599s] Invoking command in '/Users/ammiellewambobecker/CL2/robostack/ros2_ws/src/ros-task/build/limo_simulation': CONDA_PROMPT_MODIFIER=(base) PIXI_PROMPT=(robostack:humble) SHLVL=3 _=/usr/bin/env /Users/ammiellewambobecker/CL2/robostack/.pixi/envs/humble/bin/cmake --install /Users/ammiellewambobecker/CL2/robostack/ros2_ws/src/ros-task/build/limo_simulation
[1.609s] -- Install configuration: ""
[1.609s] -- Installing: /Users/ammiellewambobecker/CL2/robostack/ros2_ws/src/ros-task/install/limo_simulation/share/limo_simulation/launch
[1.609s] -- Installing: /Users/ammiellewambobecker/CL2/robostack/ros2_ws/src/ros-task/install/limo_simulation/share/limo_simulation/launch/limo.launch.py
[1.610s] -- Installing: /Users/ammiellewambobecker/CL2/robostack/ros2_ws/src/ros-task/install/limo_simulation/share/limo_simulation/meshes
[1.610s] -- Installing: /Users/ammiellewambobecker/CL2/robostack/ros2_ws/src/ros-task/install/limo_simulation/share/limo_simulation/meshes/limo_base.dae
[1.683s] -- Installing: /Users/ammiellewambobecker/CL2/robostack/ros2_ws/src/ros-task/install/limo_simulation/share/limo_simulation/meshes/limo_wheel.stl
[1.695s] -- Installing: /Users/ammiellewambobecker/CL2/robostack/ros2_ws/src/ros-task/install/limo_simulation/share/limo_simulation/meshes/limo_wheel.dae
[1.713s] -- Installing: /Users/ammiellewambobecker/CL2/robostack/ros2_ws/src/ros-task/install/limo_simulation/share/limo_simulation/meshes/limo_base.stl
[1.766s] -- Installing: /Users/ammiellewambobecker/CL2/robostack/ros2_ws/src/ros-task/install/limo_simulation/share/limo_simulation/meshes/limo_base_decimated.dae
[1.769s] -- Installing: /Users/ammiellewambobecker/CL2/robostack/ros2_ws/src/ros-task/install/limo_simulation/share/limo_simulation/urdf
[1.769s] -- Installing: /Users/ammiellewambobecker/CL2/robostack/ros2_ws/src/ros-task/install/limo_simulation/share/limo_simulation/urdf/limo_four_diff.xacro
[1.770s] -- Installing: /Users/ammiellewambobecker/CL2/robostack/ros2_ws/src/ros-task/install/limo_simulation/share/limo_simulation/urdf/limo_four_diff.gazebo
[1.770s] -- Installing: /Users/ammiellewambobecker/CL2/robostack/ros2_ws/src/ros-task/install/limo_simulation/share/limo_simulation/urdf/limo_xacro.xacro
[1.770s] -- Installing: /Users/ammiellewambobecker/CL2/robostack/ros2_ws/src/ros-task/install/limo_simulation/share/limo_simulation/worlds
[1.770s] -- Installing: /Users/ammiellewambobecker/CL2/robostack/ros2_ws/src/ros-task/install/limo_simulation/share/limo_simulation/worlds/empty.sdf
[1.771s] -- Installing: /Users/ammiellewambobecker/CL2/robostack/ros2_ws/src/ros-task/install/limo_simulation/share/ament_index/resource_index/package_run_dependencies/limo_simulation
[1.771s] -- Installing: /Users/ammiellewambobecker/CL2/robostack/ros2_ws/src/ros-task/install/limo_simulation/share/ament_index/resource_index/parent_prefix_path/limo_simulation
[1.771s] -- Installing: /Users/ammiellewambobecker/CL2/robostack/ros2_ws/src/ros-task/install/limo_simulation/share/limo_simulation/environment/ament_prefix_path.sh
[1.772s] -- Installing: /Users/ammiellewambobecker/CL2/robostack/ros2_ws/src/ros-task/install/limo_simulation/share/limo_simulation/environment/ament_prefix_path.dsv
[1.772s] -- Installing: /Users/ammiellewambobecker/CL2/robostack/ros2_ws/src/ros-task/install/limo_simulation/share/limo_simulation/environment/path.sh
[1.772s] -- Installing: /Users/ammiellewambobecker/CL2/robostack/ros2_ws/src/ros-task/install/limo_simulation/share/limo_simulation/environment/path.dsv
[1.773s] -- Installing: /Users/ammiellewambobecker/CL2/robostack/ros2_ws/src/ros-task/install/limo_simulation/share/limo_simulation/local_setup.bash
[1.773s] -- Installing: /Users/ammiellewambobecker/CL2/robostack/ros2_ws/src/ros-task/install/limo_simulation/share/limo_simulation/local_setup.sh
[1.773s] -- Installing: /Users/ammiellewambobecker/CL2/robostack/ros2_ws/src/ros-task/install/limo_simulation/share/limo_simulation/local_setup.zsh
[1.773s] -- Installing: /Users/ammiellewambobecker/CL2/robostack/ros2_ws/src/ros-task/install/limo_simulation/share/limo_simulation/local_setup.dsv
[1.774s] -- Installing: /Users/ammiellewambobecker/CL2/robostack/ros2_ws/src/ros-task/install/limo_simulation/share/limo_simulation/package.dsv
[1.774s] -- Installing: /Users/ammiellewambobecker/CL2/robostack/ros2_ws/src/ros-task/install/limo_simulation/share/ament_index/resource_index/packages/limo_simulation
[1.774s] -- Installing: /Users/ammiellewambobecker/CL2/robostack/ros2_ws/src/ros-task/install/limo_simulation/share/limo_simulation/cmake/ament_cmake_export_dependencies-extras.cmake
[1.774s] -- Installing: /Users/ammiellewambobecker/CL2/robostack/ros2_ws/src/ros-task/install/limo_simulation/share/limo_simulation/cmake/limo_simulationConfig.cmake
[1.775s] -- Installing: /Users/ammiellewambobecker/CL2/robostack/ros2_ws/src/ros-task/install/limo_simulation/share/limo_simulation/cmake/limo_simulationConfig-version.cmake
[1.775s] -- Installing: /Users/ammiellewambobecker/CL2/robostack/ros2_ws/src/ros-task/install/limo_simulation/share/limo_simulation/package.xml
[1.776s] Invoked command in '/Users/ammiellewambobecker/CL2/robostack/ros2_ws/src/ros-task/build/limo_simulation' returned '0': CONDA_PROMPT_MODIFIER=(base) PIXI_PROMPT=(robostack:humble) SHLVL=3 _=/usr/bin/env /Users/ammiellewambobecker/CL2/robostack/.pixi/envs/humble/bin/cmake --install /Users/ammiellewambobecker/CL2/robostack/ros2_ws/src/ros-task/build/limo_simulation
