[0.352s] [34mcolcon[0m [1;30mDEBUG[0m [32mCommand line arguments: ['/Users/ammiellewambobecker/CL2/robostack/ros2_ws/src/ros-task/.pixi/envs/default/bin/colcon', 'build', '--symlink-install'][0m
[0.352s] [34mcolcon[0m [1;30mDEBUG[0m [32mParsed command line arguments: Namespace(log_base=None, log_level=None, verb_name='build', build_base='build', install_base='install', merge_install=False, symlink_install=True, test_result_base=None, continue_on_error=False, executor='parallel', parallel_workers=12, event_handlers=None, ignore_user_meta=False, metas=['./colcon.meta'], base_paths=['.'], packages_ignore=None, packages_ignore_regex=None, paths=None, packages_up_to=None, packages_up_to_regex=None, packages_above=None, packages_above_and_dependencies=None, packages_above_depth=None, packages_select_by_dep=None, packages_skip_by_dep=None, packages_skip_up_to=None, packages_select_build_failed=False, packages_skip_build_finished=False, packages_select_test_failures=False, packages_skip_test_passed=False, packages_select=None, packages_skip=None, packages_select_regex=None, packages_skip_regex=None, packages_start=None, packages_end=None, cmake_args=None, cmake_target=None, cmake_target_skip_unavailable=False, cmake_clean_cache=False, cmake_clean_first=False, cmake_force_configure=False, ament_cmake_args=None, catkin_cmake_args=None, catkin_skip_building_tests=False, verb_parser=<colcon_defaults.argument_parser.defaults.DefaultArgumentsDecorator object at 0x101bb5310>, verb_extension=<colcon_core.verb.build.BuildVerb object at 0x101c80f10>, main=<bound method BuildVerb.main of <colcon_core.verb.build.BuildVerb object at 0x101c80f10>>)[0m
[0.488s] [34mcolcon.colcon_core.package_discovery[0m [1;30mLevel 1[0m discover_packages(colcon_meta) check parameters
[0.488s] [34mcolcon.colcon_core.package_discovery[0m [1;30mLevel 1[0m discover_packages(recursive) check parameters
[0.488s] [34mcolcon.colcon_core.package_discovery[0m [1;30mLevel 1[0m discover_packages(ignore) check parameters
[0.488s] [34mcolcon.colcon_core.package_discovery[0m [1;30mLevel 1[0m discover_packages(path) check parameters
[0.488s] [34mcolcon.colcon_core.package_discovery[0m [1;30mLevel 1[0m discover_packages(colcon_meta) discover
[0.488s] [34mcolcon.colcon_core.package_discovery[0m [1;30mLevel 1[0m discover_packages(recursive) discover
[0.488s] [34mcolcon.colcon_core.package_discovery[0m [1;30mINFO[0m Crawling recursively for packages in '/Users/ammiellewambobecker/CL2/robostack/ros2_ws/src/ros-task'
[0.488s] [34mcolcon.colcon_core.package_identification[0m [1;30mLevel 1[0m _identify(.) by extensions ['ignore', 'ignore_ament_install']
[0.488s] [34mcolcon.colcon_core.package_identification[0m [1;30mLevel 1[0m _identify(.) by extension 'ignore'
[0.488s] [34mcolcon.colcon_core.package_identification[0m [1;30mLevel 1[0m _identify(.) by extension 'ignore_ament_install'
[0.488s] [34mcolcon.colcon_core.package_identification[0m [1;30mLevel 1[0m _identify(.) by extensions ['colcon_pkg']
[0.488s] [34mcolcon.colcon_core.package_identification[0m [1;30mLevel 1[0m _identify(.) by extension 'colcon_pkg'
[0.488s] [34mcolcon.colcon_core.package_identification[0m [1;30mLevel 1[0m _identify(.) by extensions ['colcon_meta']
[0.488s] [34mcolcon.colcon_core.package_identification[0m [1;30mLevel 1[0m _identify(.) by extension 'colcon_meta'
[0.488s] [34mcolcon.colcon_core.package_identification[0m [1;30mLevel 1[0m _identify(.) by extensions ['ros']
[0.488s] [34mcolcon.colcon_core.package_identification[0m [1;30mLevel 1[0m _identify(.) by extension 'ros'
[0.507s] [34mcolcon.colcon_core.package_identification[0m [1;30mLevel 1[0m _identify(.) by extensions ['cmake', 'python']
[0.507s] [34mcolcon.colcon_core.package_identification[0m [1;30mLevel 1[0m _identify(.) by extension 'cmake'
[0.507s] [34mcolcon.colcon_core.package_identification[0m [1;30mLevel 1[0m _identify(.) by extension 'python'
[0.507s] [34mcolcon.colcon_core.package_identification[0m [1;30mLevel 1[0m _identify(.) by extensions ['python_setup_py']
[0.507s] [34mcolcon.colcon_core.package_identification[0m [1;30mLevel 1[0m _identify(.) by extension 'python_setup_py'
[0.507s] [34mcolcon.colcon_core.package_identification[0m [1;30mLevel 1[0m _identify(build) by extensions ['ignore', 'ignore_ament_install']
[0.507s] [34mcolcon.colcon_core.package_identification[0m [1;30mLevel 1[0m _identify(build) by extension 'ignore'
[0.507s] [34mcolcon.colcon_core.package_identification[0m [1;30mLevel 1[0m _identify(build) ignored
[0.508s] [34mcolcon.colcon_core.package_identification[0m [1;30mLevel 1[0m _identify(docker) by extensions ['ignore', 'ignore_ament_install']
[0.508s] [34mcolcon.colcon_core.package_identification[0m [1;30mLevel 1[0m _identify(docker) by extension 'ignore'
[0.508s] [34mcolcon.colcon_core.package_identification[0m [1;30mLevel 1[0m _identify(docker) by extension 'ignore_ament_install'
[0.508s] [34mcolcon.colcon_core.package_identification[0m [1;30mLevel 1[0m _identify(docker) by extensions ['colcon_pkg']
[0.508s] [34mcolcon.colcon_core.package_identification[0m [1;30mLevel 1[0m _identify(docker) by extension 'colcon_pkg'
[0.508s] [34mcolcon.colcon_core.package_identification[0m [1;30mLevel 1[0m _identify(docker) by extensions ['colcon_meta']
[0.508s] [34mcolcon.colcon_core.package_identification[0m [1;30mLevel 1[0m _identify(docker) by extension 'colcon_meta'
[0.508s] [34mcolcon.colcon_core.package_identification[0m [1;30mLevel 1[0m _identify(docker) by extensions ['ros']
[0.508s] [34mcolcon.colcon_core.package_identification[0m [1;30mLevel 1[0m _identify(docker) by extension 'ros'
[0.508s] [34mcolcon.colcon_core.package_identification[0m [1;30mLevel 1[0m _identify(docker) by extensions ['cmake', 'python']
[0.508s] [34mcolcon.colcon_core.package_identification[0m [1;30mLevel 1[0m _identify(docker) by extension 'cmake'
[0.508s] [34mcolcon.colcon_core.package_identification[0m [1;30mLevel 1[0m _identify(docker) by extension 'python'
[0.508s] [34mcolcon.colcon_core.package_identification[0m [1;30mLevel 1[0m _identify(docker) by extensions ['python_setup_py']
[0.508s] [34mcolcon.colcon_core.package_identification[0m [1;30mLevel 1[0m _identify(docker) by extension 'python_setup_py'
[0.508s] [34mcolcon.colcon_core.package_identification[0m [1;30mLevel 1[0m _identify(install) by extensions ['ignore', 'ignore_ament_install']
[0.508s] [34mcolcon.colcon_core.package_identification[0m [1;30mLevel 1[0m _identify(install) by extension 'ignore'
[0.508s] [34mcolcon.colcon_core.package_identification[0m [1;30mLevel 1[0m _identify(install) ignored
[0.508s] [34mcolcon.colcon_core.package_identification[0m [1;30mLevel 1[0m _identify(log) by extensions ['ignore', 'ignore_ament_install']
[0.508s] [34mcolcon.colcon_core.package_identification[0m [1;30mLevel 1[0m _identify(log) by extension 'ignore'
[0.508s] [34mcolcon.colcon_core.package_identification[0m [1;30mLevel 1[0m _identify(log) ignored
[0.508s] [34mcolcon.colcon_core.package_identification[0m [1;30mLevel 1[0m _identify(scripts) by extensions ['ignore', 'ignore_ament_install']
[0.508s] [34mcolcon.colcon_core.package_identification[0m [1;30mLevel 1[0m _identify(scripts) by extension 'ignore'
[0.508s] [34mcolcon.colcon_core.package_identification[0m [1;30mLevel 1[0m _identify(scripts) by extension 'ignore_ament_install'
[0.508s] [34mcolcon.colcon_core.package_identification[0m [1;30mLevel 1[0m _identify(scripts) by extensions ['colcon_pkg']
[0.508s] [34mcolcon.colcon_core.package_identification[0m [1;30mLevel 1[0m _identify(scripts) by extension 'colcon_pkg'
[0.508s] [34mcolcon.colcon_core.package_identification[0m [1;30mLevel 1[0m _identify(scripts) by extensions ['colcon_meta']
[0.508s] [34mcolcon.colcon_core.package_identification[0m [1;30mLevel 1[0m _identify(scripts) by extension 'colcon_meta'
[0.508s] [34mcolcon.colcon_core.package_identification[0m [1;30mLevel 1[0m _identify(scripts) by extensions ['ros']
[0.508s] [34mcolcon.colcon_core.package_identification[0m [1;30mLevel 1[0m _identify(scripts) by extension 'ros'
[0.508s] [34mcolcon.colcon_core.package_identification[0m [1;30mLevel 1[0m _identify(scripts) by extensions ['cmake', 'python']
[0.508s] [34mcolcon.colcon_core.package_identification[0m [1;30mLevel 1[0m _identify(scripts) by extension 'cmake'
[0.508s] [34mcolcon.colcon_core.package_identification[0m [1;30mLevel 1[0m _identify(scripts) by extension 'python'
[0.508s] [34mcolcon.colcon_core.package_identification[0m [1;30mLevel 1[0m _identify(scripts) by extensions ['python_setup_py']
[0.508s] [34mcolcon.colcon_core.package_identification[0m [1;30mLevel 1[0m _identify(scripts) by extension 'python_setup_py'
[0.508s] [34mcolcon.colcon_core.package_identification[0m [1;30mLevel 1[0m _identify(scripts/build) by extensions ['ignore', 'ignore_ament_install']
[0.508s] [34mcolcon.colcon_core.package_identification[0m [1;30mLevel 1[0m _identify(scripts/build) by extension 'ignore'
[0.508s] [34mcolcon.colcon_core.package_identification[0m [1;30mLevel 1[0m _identify(scripts/build) by extension 'ignore_ament_install'
[0.508s] [34mcolcon.colcon_core.package_identification[0m [1;30mLevel 1[0m _identify(scripts/build) by extensions ['colcon_pkg']
[0.508s] [34mcolcon.colcon_core.package_identification[0m [1;30mLevel 1[0m _identify(scripts/build) by extension 'colcon_pkg'
[0.508s] [34mcolcon.colcon_core.package_identification[0m [1;30mLevel 1[0m _identify(scripts/build) by extensions ['colcon_meta']
[0.508s] [34mcolcon.colcon_core.package_identification[0m [1;30mLevel 1[0m _identify(scripts/build) by extension 'colcon_meta'
[0.508s] [34mcolcon.colcon_core.package_identification[0m [1;30mLevel 1[0m _identify(scripts/build) by extensions ['ros']
[0.508s] [34mcolcon.colcon_core.package_identification[0m [1;30mLevel 1[0m _identify(scripts/build) by extension 'ros'
[0.508s] [34mcolcon.colcon_core.package_identification[0m [1;30mLevel 1[0m _identify(scripts/build) by extensions ['cmake', 'python']
[0.509s] [34mcolcon.colcon_core.package_identification[0m [1;30mLevel 1[0m _identify(scripts/build) by extension 'cmake'
[0.509s] [34mcolcon.colcon_core.package_identification[0m [1;30mLevel 1[0m _identify(scripts/build) by extension 'python'
[0.509s] [34mcolcon.colcon_core.package_identification[0m [1;30mLevel 1[0m _identify(scripts/build) by extensions ['python_setup_py']
[0.509s] [34mcolcon.colcon_core.package_identification[0m [1;30mLevel 1[0m _identify(scripts/build) by extension 'python_setup_py'
[0.509s] [34mcolcon.colcon_core.package_identification[0m [1;30mLevel 1[0m _identify(scripts/deploy) by extensions ['ignore', 'ignore_ament_install']
[0.509s] [34mcolcon.colcon_core.package_identification[0m [1;30mLevel 1[0m _identify(scripts/deploy) by extension 'ignore'
[0.509s] [34mcolcon.colcon_core.package_identification[0m [1;30mLevel 1[0m _identify(scripts/deploy) by extension 'ignore_ament_install'
[0.509s] [34mcolcon.colcon_core.package_identification[0m [1;30mLevel 1[0m _identify(scripts/deploy) by extensions ['colcon_pkg']
[0.509s] [34mcolcon.colcon_core.package_identification[0m [1;30mLevel 1[0m _identify(scripts/deploy) by extension 'colcon_pkg'
[0.509s] [34mcolcon.colcon_core.package_identification[0m [1;30mLevel 1[0m _identify(scripts/deploy) by extensions ['colcon_meta']
[0.509s] [34mcolcon.colcon_core.package_identification[0m [1;30mLevel 1[0m _identify(scripts/deploy) by extension 'colcon_meta'
[0.509s] [34mcolcon.colcon_core.package_identification[0m [1;30mLevel 1[0m _identify(scripts/deploy) by extensions ['ros']
[0.509s] [34mcolcon.colcon_core.package_identification[0m [1;30mLevel 1[0m _identify(scripts/deploy) by extension 'ros'
[0.509s] [34mcolcon.colcon_core.package_identification[0m [1;30mLevel 1[0m _identify(scripts/deploy) by extensions ['cmake', 'python']
[0.509s] [34mcolcon.colcon_core.package_identification[0m [1;30mLevel 1[0m _identify(scripts/deploy) by extension 'cmake'
[0.509s] [34mcolcon.colcon_core.package_identification[0m [1;30mLevel 1[0m _identify(scripts/deploy) by extension 'python'
[0.509s] [34mcolcon.colcon_core.package_identification[0m [1;30mLevel 1[0m _identify(scripts/deploy) by extensions ['python_setup_py']
[0.509s] [34mcolcon.colcon_core.package_identification[0m [1;30mLevel 1[0m _identify(scripts/deploy) by extension 'python_setup_py'
[0.509s] [34mcolcon.colcon_core.package_identification[0m [1;30mLevel 1[0m _identify(scripts/setup) by extensions ['ignore', 'ignore_ament_install']
[0.509s] [34mcolcon.colcon_core.package_identification[0m [1;30mLevel 1[0m _identify(scripts/setup) by extension 'ignore'
[0.509s] [34mcolcon.colcon_core.package_identification[0m [1;30mLevel 1[0m _identify(scripts/setup) by extension 'ignore_ament_install'
[0.509s] [34mcolcon.colcon_core.package_identification[0m [1;30mLevel 1[0m _identify(scripts/setup) by extensions ['colcon_pkg']
[0.509s] [34mcolcon.colcon_core.package_identification[0m [1;30mLevel 1[0m _identify(scripts/setup) by extension 'colcon_pkg'
[0.509s] [34mcolcon.colcon_core.package_identification[0m [1;30mLevel 1[0m _identify(scripts/setup) by extensions ['colcon_meta']
[0.509s] [34mcolcon.colcon_core.package_identification[0m [1;30mLevel 1[0m _identify(scripts/setup) by extension 'colcon_meta'
[0.509s] [34mcolcon.colcon_core.package_identification[0m [1;30mLevel 1[0m _identify(scripts/setup) by extensions ['ros']
[0.509s] [34mcolcon.colcon_core.package_identification[0m [1;30mLevel 1[0m _identify(scripts/setup) by extension 'ros'
[0.509s] [34mcolcon.colcon_core.package_identification[0m [1;30mLevel 1[0m _identify(scripts/setup) by extensions ['cmake', 'python']
[0.509s] [34mcolcon.colcon_core.package_identification[0m [1;30mLevel 1[0m _identify(scripts/setup) by extension 'cmake'
[0.509s] [34mcolcon.colcon_core.package_identification[0m [1;30mLevel 1[0m _identify(scripts/setup) by extension 'python'
[0.509s] [34mcolcon.colcon_core.package_identification[0m [1;30mLevel 1[0m _identify(scripts/setup) by extensions ['python_setup_py']
[0.509s] [34mcolcon.colcon_core.package_identification[0m [1;30mLevel 1[0m _identify(scripts/setup) by extension 'python_setup_py'
[0.509s] [34mcolcon.colcon_core.package_identification[0m [1;30mLevel 1[0m _identify(workspace) by extensions ['ignore', 'ignore_ament_install']
[0.509s] [34mcolcon.colcon_core.package_identification[0m [1;30mLevel 1[0m _identify(workspace) by extension 'ignore'
[0.509s] [34mcolcon.colcon_core.package_identification[0m [1;30mLevel 1[0m _identify(workspace) by extension 'ignore_ament_install'
[0.509s] [34mcolcon.colcon_core.package_identification[0m [1;30mLevel 1[0m _identify(workspace) by extensions ['colcon_pkg']
[0.509s] [34mcolcon.colcon_core.package_identification[0m [1;30mLevel 1[0m _identify(workspace) by extension 'colcon_pkg'
[0.509s] [34mcolcon.colcon_core.package_identification[0m [1;30mLevel 1[0m _identify(workspace) by extensions ['colcon_meta']
[0.509s] [34mcolcon.colcon_core.package_identification[0m [1;30mLevel 1[0m _identify(workspace) by extension 'colcon_meta'
[0.509s] [34mcolcon.colcon_core.package_identification[0m [1;30mLevel 1[0m _identify(workspace) by extensions ['ros']
[0.509s] [34mcolcon.colcon_core.package_identification[0m [1;30mLevel 1[0m _identify(workspace) by extension 'ros'
[0.509s] [34mcolcon.colcon_core.package_identification[0m [1;30mLevel 1[0m _identify(workspace) by extensions ['cmake', 'python']
[0.509s] [34mcolcon.colcon_core.package_identification[0m [1;30mLevel 1[0m _identify(workspace) by extension 'cmake'
[0.509s] [34mcolcon.colcon_core.package_identification[0m [1;30mLevel 1[0m _identify(workspace) by extension 'python'
[0.509s] [34mcolcon.colcon_core.package_identification[0m [1;30mLevel 1[0m _identify(workspace) by extensions ['python_setup_py']
[0.510s] [34mcolcon.colcon_core.package_identification[0m [1;30mLevel 1[0m _identify(workspace) by extension 'python_setup_py'
[0.510s] [34mcolcon.colcon_core.package_identification[0m [1;30mLevel 1[0m _identify(workspace/limo_control) by extensions ['ignore', 'ignore_ament_install']
[0.510s] [34mcolcon.colcon_core.package_identification[0m [1;30mLevel 1[0m _identify(workspace/limo_control) by extension 'ignore'
[0.510s] [34mcolcon.colcon_core.package_identification[0m [1;30mLevel 1[0m _identify(workspace/limo_control) by extension 'ignore_ament_install'
[0.510s] [34mcolcon.colcon_core.package_identification[0m [1;30mLevel 1[0m _identify(workspace/limo_control) by extensions ['colcon_pkg']
[0.510s] [34mcolcon.colcon_core.package_identification[0m [1;30mLevel 1[0m _identify(workspace/limo_control) by extension 'colcon_pkg'
[0.510s] [34mcolcon.colcon_core.package_identification[0m [1;30mLevel 1[0m _identify(workspace/limo_control) by extensions ['colcon_meta']
[0.510s] [34mcolcon.colcon_core.package_identification[0m [1;30mLevel 1[0m _identify(workspace/limo_control) by extension 'colcon_meta'
[0.510s] [34mcolcon.colcon_core.package_identification[0m [1;30mLevel 1[0m _identify(workspace/limo_control) by extensions ['ros']
[0.510s] [34mcolcon.colcon_core.package_identification[0m [1;30mLevel 1[0m _identify(workspace/limo_control) by extension 'ros'
[0.512s] [34mcolcon.colcon_core.package_identification[0m [1;30mDEBUG[0m [32mPackage 'workspace/limo_control' with type 'ros.ament_cmake' and name 'limo_control'[0m
[0.512s] [34mcolcon.colcon_core.package_identification[0m [1;30mLevel 1[0m _identify(workspace/limo_simulation) by extensions ['ignore', 'ignore_ament_install']
[0.512s] [34mcolcon.colcon_core.package_identification[0m [1;30mLevel 1[0m _identify(workspace/limo_simulation) by extension 'ignore'
[0.512s] [34mcolcon.colcon_core.package_identification[0m [1;30mLevel 1[0m _identify(workspace/limo_simulation) by extension 'ignore_ament_install'
[0.512s] [34mcolcon.colcon_core.package_identification[0m [1;30mLevel 1[0m _identify(workspace/limo_simulation) by extensions ['colcon_pkg']
[0.512s] [34mcolcon.colcon_core.package_identification[0m [1;30mLevel 1[0m _identify(workspace/limo_simulation) by extension 'colcon_pkg'
[0.512s] [34mcolcon.colcon_core.package_identification[0m [1;30mLevel 1[0m _identify(workspace/limo_simulation) by extensions ['colcon_meta']
[0.512s] [34mcolcon.colcon_core.package_identification[0m [1;30mLevel 1[0m _identify(workspace/limo_simulation) by extension 'colcon_meta'
[0.513s] [34mcolcon.colcon_core.package_identification[0m [1;30mLevel 1[0m _identify(workspace/limo_simulation) by extensions ['ros']
[0.513s] [34mcolcon.colcon_core.package_identification[0m [1;30mLevel 1[0m _identify(workspace/limo_simulation) by extension 'ros'
[0.513s] [34mcolcon.colcon_core.package_identification[0m [1;30mDEBUG[0m [32mPackage 'workspace/limo_simulation' with type 'ros.ament_cmake' and name 'limo_simulation'[0m
[0.513s] [34mcolcon.colcon_core.package_discovery[0m [1;30mLevel 1[0m discover_packages(recursive) using defaults
[0.513s] [34mcolcon.colcon_core.package_discovery[0m [1;30mLevel 1[0m discover_packages(ignore) discover
[0.513s] [34mcolcon.colcon_core.package_discovery[0m [1;30mLevel 1[0m discover_packages(ignore) using defaults
[0.513s] [34mcolcon.colcon_core.package_discovery[0m [1;30mLevel 1[0m discover_packages(path) discover
[0.513s] [34mcolcon.colcon_core.package_discovery[0m [1;30mLevel 1[0m discover_packages(path) using defaults
[0.529s] [34mcolcon.colcon_core.verb[0m [1;30mLevel 5[0m set package 'limo_control' build argument 'cmake_args' from command line to 'None'
[0.529s] [34mcolcon.colcon_core.verb[0m [1;30mLevel 5[0m set package 'limo_control' build argument 'cmake_target' from command line to 'None'
[0.529s] [34mcolcon.colcon_core.verb[0m [1;30mLevel 5[0m set package 'limo_control' build argument 'cmake_target_skip_unavailable' from command line to 'False'
[0.529s] [34mcolcon.colcon_core.verb[0m [1;30mLevel 5[0m set package 'limo_control' build argument 'cmake_clean_cache' from command line to 'False'
[0.529s] [34mcolcon.colcon_core.verb[0m [1;30mLevel 5[0m set package 'limo_control' build argument 'cmake_clean_first' from command line to 'False'
[0.529s] [34mcolcon.colcon_core.verb[0m [1;30mLevel 5[0m set package 'limo_control' build argument 'cmake_force_configure' from command line to 'False'
[0.529s] [34mcolcon.colcon_core.verb[0m [1;30mLevel 5[0m set package 'limo_control' build argument 'ament_cmake_args' from command line to 'None'
[0.529s] [34mcolcon.colcon_core.verb[0m [1;30mLevel 5[0m set package 'limo_control' build argument 'catkin_cmake_args' from command line to 'None'
[0.529s] [34mcolcon.colcon_core.verb[0m [1;30mLevel 5[0m set package 'limo_control' build argument 'catkin_skip_building_tests' from command line to 'False'
[0.529s] [34mcolcon.colcon_core.verb[0m [1;30mDEBUG[0m [32mBuilding package 'limo_control' with the following arguments: {'ament_cmake_args': None, 'build_base': '/Users/ammiellewambobecker/CL2/robostack/ros2_ws/src/ros-task/build/limo_control', 'catkin_cmake_args': None, 'catkin_skip_building_tests': False, 'cmake_args': None, 'cmake_clean_cache': False, 'cmake_clean_first': False, 'cmake_force_configure': False, 'cmake_target': None, 'cmake_target_skip_unavailable': False, 'install_base': '/Users/ammiellewambobecker/CL2/robostack/ros2_ws/src/ros-task/install/limo_control', 'merge_install': False, 'path': '/Users/ammiellewambobecker/CL2/robostack/ros2_ws/src/ros-task/workspace/limo_control', 'symlink_install': True, 'test_result_base': None}[0m
[0.529s] [34mcolcon.colcon_core.verb[0m [1;30mLevel 5[0m set package 'limo_simulation' build argument 'cmake_args' from command line to 'None'
[0.529s] [34mcolcon.colcon_core.verb[0m [1;30mLevel 5[0m set package 'limo_simulation' build argument 'cmake_target' from command line to 'None'
[0.529s] [34mcolcon.colcon_core.verb[0m [1;30mLevel 5[0m set package 'limo_simulation' build argument 'cmake_target_skip_unavailable' from command line to 'False'
[0.529s] [34mcolcon.colcon_core.verb[0m [1;30mLevel 5[0m set package 'limo_simulation' build argument 'cmake_clean_cache' from command line to 'False'
[0.529s] [34mcolcon.colcon_core.verb[0m [1;30mLevel 5[0m set package 'limo_simulation' build argument 'cmake_clean_first' from command line to 'False'
[0.529s] [34mcolcon.colcon_core.verb[0m [1;30mLevel 5[0m set package 'limo_simulation' build argument 'cmake_force_configure' from command line to 'False'
[0.529s] [34mcolcon.colcon_core.verb[0m [1;30mLevel 5[0m set package 'limo_simulation' build argument 'ament_cmake_args' from command line to 'None'
[0.529s] [34mcolcon.colcon_core.verb[0m [1;30mLevel 5[0m set package 'limo_simulation' build argument 'catkin_cmake_args' from command line to 'None'
[0.529s] [34mcolcon.colcon_core.verb[0m [1;30mLevel 5[0m set package 'limo_simulation' build argument 'catkin_skip_building_tests' from command line to 'False'
[0.529s] [34mcolcon.colcon_core.verb[0m [1;30mDEBUG[0m [32mBuilding package 'limo_simulation' with the following arguments: {'ament_cmake_args': None, 'build_base': '/Users/ammiellewambobecker/CL2/robostack/ros2_ws/src/ros-task/build/limo_simulation', 'catkin_cmake_args': None, 'catkin_skip_building_tests': False, 'cmake_args': None, 'cmake_clean_cache': False, 'cmake_clean_first': False, 'cmake_force_configure': False, 'cmake_target': None, 'cmake_target_skip_unavailable': False, 'install_base': '/Users/ammiellewambobecker/CL2/robostack/ros2_ws/src/ros-task/install/limo_simulation', 'merge_install': False, 'path': '/Users/ammiellewambobecker/CL2/robostack/ros2_ws/src/ros-task/workspace/limo_simulation', 'symlink_install': True, 'test_result_base': None}[0m
[0.529s] [34mcolcon.colcon_core.executor[0m [1;30mINFO[0m Executing jobs using 'parallel' executor
[0.530s] [34mcolcon.colcon_parallel_executor.executor.parallel[0m [1;30mDEBUG[0m [32mrun_until_complete[0m
[0.530s] [34mcolcon.colcon_ros.task.ament_cmake.build[0m [1;30mINFO[0m Building ROS package in '/Users/ammiellewambobecker/CL2/robostack/ros2_ws/src/ros-task/workspace/limo_control' with build type 'ament_cmake'
[0.530s] [34mcolcon.colcon_cmake.task.cmake.build[0m [1;30mINFO[0m Building CMake package in '/Users/ammiellewambobecker/CL2/robostack/ros2_ws/src/ros-task/workspace/limo_control'
[0.534s] [34mcolcon.colcon_core.plugin_system[0m [1;30mINFO[0m Skipping extension 'colcon_core.shell.bat': Not used on non-Windows systems
[0.534s] [34mcolcon.colcon_core.shell[0m [1;30mINFO[0m Skip shell extension 'powershell' for command environment: Not usable outside of PowerShell
[0.534s] [34mcolcon.colcon_core.shell[0m [1;30mDEBUG[0m [32mSkip shell extension 'dsv' for command environment[0m
[0.540s] [34mcolcon.colcon_ros.task.ament_cmake.build[0m [1;30mINFO[0m Building ROS package in '/Users/ammiellewambobecker/CL2/robostack/ros2_ws/src/ros-task/workspace/limo_simulation' with build type 'ament_cmake'
[0.540s] [34mcolcon.colcon_cmake.task.cmake.build[0m [1;30mINFO[0m Building CMake package in '/Users/ammiellewambobecker/CL2/robostack/ros2_ws/src/ros-task/workspace/limo_simulation'
[0.540s] [34mcolcon.colcon_core.shell[0m [1;30mINFO[0m Skip shell extension 'powershell' for command environment: Not usable outside of PowerShell
[0.540s] [34mcolcon.colcon_core.shell[0m [1;30mDEBUG[0m [32mSkip shell extension 'dsv' for command environment[0m
[0.552s] [34mcolcon.colcon_core.event_handler.log_command[0m [1;30mDEBUG[0m [32mInvoking command in '/Users/ammiellewambobecker/CL2/robostack/ros2_ws/src/ros-task/build/limo_control': CMAKE_PREFIX_PATH=/Users/ammiellewambobecker/CL2/robostack/ros2_ws/src/ros-task/.pixi/envs/default CONDA_PROMPT_MODIFIER=(base) PIXI_PROMPT=(ros-task) SHLVL=2 _=/usr/bin/env /Users/ammiellewambobecker/CL2/robostack/ros2_ws/src/ros-task/.pixi/envs/default/bin/cmake --build /Users/ammiellewambobecker/CL2/robostack/ros2_ws/src/ros-task/build/limo_control -- -j12 -l12[0m
[0.560s] [34mcolcon.colcon_core.event_handler.log_command[0m [1;30mDEBUG[0m [32mInvoking command in '/Users/ammiellewambobecker/CL2/robostack/ros2_ws/src/ros-task/build/limo_simulation': CMAKE_PREFIX_PATH=/Users/ammiellewambobecker/CL2/robostack/ros2_ws/src/ros-task/.pixi/envs/default CONDA_PROMPT_MODIFIER=(base) PIXI_PROMPT=(ros-task) SHLVL=2 _=/usr/bin/env /Users/ammiellewambobecker/CL2/robostack/ros2_ws/src/ros-task/.pixi/envs/default/bin/cmake --build /Users/ammiellewambobecker/CL2/robostack/ros2_ws/src/ros-task/build/limo_simulation -- -j12 -l12[0m
[0.889s] [34mcolcon.colcon_core.event_handler.log_command[0m [1;30mDEBUG[0m [32mInvoked command in '/Users/ammiellewambobecker/CL2/robostack/ros2_ws/src/ros-task/build/limo_simulation' returned '0': CMAKE_PREFIX_PATH=/Users/ammiellewambobecker/CL2/robostack/ros2_ws/src/ros-task/.pixi/envs/default CONDA_PROMPT_MODIFIER=(base) PIXI_PROMPT=(ros-task) SHLVL=2 _=/usr/bin/env /Users/ammiellewambobecker/CL2/robostack/ros2_ws/src/ros-task/.pixi/envs/default/bin/cmake --build /Users/ammiellewambobecker/CL2/robostack/ros2_ws/src/ros-task/build/limo_simulation -- -j12 -l12[0m
[0.915s] [34mcolcon.colcon_core.event_handler.log_command[0m [1;30mDEBUG[0m [32mInvoked command in '/Users/ammiellewambobecker/CL2/robostack/ros2_ws/src/ros-task/build/limo_control' returned '0': CMAKE_PREFIX_PATH=/Users/ammiellewambobecker/CL2/robostack/ros2_ws/src/ros-task/.pixi/envs/default CONDA_PROMPT_MODIFIER=(base) PIXI_PROMPT=(ros-task) SHLVL=2 _=/usr/bin/env /Users/ammiellewambobecker/CL2/robostack/ros2_ws/src/ros-task/.pixi/envs/default/bin/cmake --build /Users/ammiellewambobecker/CL2/robostack/ros2_ws/src/ros-task/build/limo_control -- -j12 -l12[0m
[0.952s] [34mcolcon.colcon_core.event_handler.log_command[0m [1;30mDEBUG[0m [32mInvoking command in '/Users/ammiellewambobecker/CL2/robostack/ros2_ws/src/ros-task/build/limo_simulation': CMAKE_PREFIX_PATH=/Users/ammiellewambobecker/CL2/robostack/ros2_ws/src/ros-task/.pixi/envs/default CONDA_PROMPT_MODIFIER=(base) PIXI_PROMPT=(ros-task) SHLVL=2 _=/usr/bin/env /Users/ammiellewambobecker/CL2/robostack/ros2_ws/src/ros-task/.pixi/envs/default/bin/cmake --install /Users/ammiellewambobecker/CL2/robostack/ros2_ws/src/ros-task/build/limo_simulation[0m
[0.981s] [34mcolcon.colcon_core.event_handler.log_command[0m [1;30mDEBUG[0m [32mInvoking command in '/Users/ammiellewambobecker/CL2/robostack/ros2_ws/src/ros-task/build/limo_control': CMAKE_PREFIX_PATH=/Users/ammiellewambobecker/CL2/robostack/ros2_ws/src/ros-task/.pixi/envs/default CONDA_PROMPT_MODIFIER=(base) PIXI_PROMPT=(ros-task) SHLVL=2 _=/usr/bin/env /Users/ammiellewambobecker/CL2/robostack/ros2_ws/src/ros-task/.pixi/envs/default/bin/cmake --install /Users/ammiellewambobecker/CL2/robostack/ros2_ws/src/ros-task/build/limo_control[0m
[0.984s] [34mcolcon.colcon_core.environment[0m [1;30mLevel 1[0m create_environment_scripts_only(limo_simulation)
[0.984s] [34mcolcon.colcon_core.event_handler.log_command[0m [1;30mDEBUG[0m [32mInvoked command in '/Users/ammiellewambobecker/CL2/robostack/ros2_ws/src/ros-task/build/limo_simulation' returned '0': CMAKE_PREFIX_PATH=/Users/ammiellewambobecker/CL2/robostack/ros2_ws/src/ros-task/.pixi/envs/default CONDA_PROMPT_MODIFIER=(base) PIXI_PROMPT=(ros-task) SHLVL=2 _=/usr/bin/env /Users/ammiellewambobecker/CL2/robostack/ros2_ws/src/ros-task/.pixi/envs/default/bin/cmake --install /Users/ammiellewambobecker/CL2/robostack/ros2_ws/src/ros-task/build/limo_simulation[0m
[0.988s] [34mcolcon.colcon_core.environment[0m [1;30mLevel 1[0m checking '/Users/ammiellewambobecker/CL2/robostack/ros2_ws/src/ros-task/install/limo_simulation' for CMake module files
[0.989s] [34mcolcon.colcon_core.environment[0m [1;30mLevel 1[0m checking '/Users/ammiellewambobecker/CL2/robostack/ros2_ws/src/ros-task/install/limo_simulation' for CMake config files
[0.989s] [34mcolcon.colcon_core.shell[0m [1;30mLevel 1[0m create_environment_hook('limo_simulation', 'cmake_prefix_path')
[0.989s] [34mcolcon.colcon_core.shell[0m [1;30mINFO[0m Creating environment hook '/Users/ammiellewambobecker/CL2/robostack/ros2_ws/src/ros-task/install/limo_simulation/share/limo_simulation/hook/cmake_prefix_path.ps1'
[0.990s] [34mcolcon.colcon_core.shell[0m [1;30mINFO[0m Creating environment descriptor '/Users/ammiellewambobecker/CL2/robostack/ros2_ws/src/ros-task/install/limo_simulation/share/limo_simulation/hook/cmake_prefix_path.dsv'
[0.990s] [34mcolcon.colcon_core.shell[0m [1;30mINFO[0m Creating environment hook '/Users/ammiellewambobecker/CL2/robostack/ros2_ws/src/ros-task/install/limo_simulation/share/limo_simulation/hook/cmake_prefix_path.sh'
[0.992s] [34mcolcon.colcon_core.environment[0m [1;30mLevel 1[0m checking '/Users/ammiellewambobecker/CL2/robostack/ros2_ws/src/ros-task/install/limo_simulation/lib'
[0.992s] [34mcolcon.colcon_core.environment[0m [1;30mLevel 1[0m checking '/Users/ammiellewambobecker/CL2/robostack/ros2_ws/src/ros-task/install/limo_simulation/bin'
[0.992s] [34mcolcon.colcon_core.environment[0m [1;30mLevel 1[0m checking '/Users/ammiellewambobecker/CL2/robostack/ros2_ws/src/ros-task/install/limo_simulation/lib/pkgconfig/limo_simulation.pc'
[0.992s] [34mcolcon.colcon_core.environment[0m [1;30mLevel 1[0m checking '/Users/ammiellewambobecker/CL2/robostack/ros2_ws/src/ros-task/install/limo_simulation/lib/python3.11/site-packages'
[0.992s] [34mcolcon.colcon_core.environment[0m [1;30mLevel 1[0m checking '/Users/ammiellewambobecker/CL2/robostack/ros2_ws/src/ros-task/install/limo_simulation/bin'
[0.992s] [34mcolcon.colcon_core.shell[0m [1;30mINFO[0m Creating package script '/Users/ammiellewambobecker/CL2/robostack/ros2_ws/src/ros-task/install/limo_simulation/share/limo_simulation/package.ps1'
[0.993s] [34mcolcon.colcon_core.shell[0m [1;30mINFO[0m Creating package descriptor '/Users/ammiellewambobecker/CL2/robostack/ros2_ws/src/ros-task/install/limo_simulation/share/limo_simulation/package.dsv'
[0.994s] [34mcolcon.colcon_core.shell[0m [1;30mINFO[0m Creating package script '/Users/ammiellewambobecker/CL2/robostack/ros2_ws/src/ros-task/install/limo_simulation/share/limo_simulation/package.sh'
[0.995s] [34mcolcon.colcon_core.shell[0m [1;30mINFO[0m Creating package script '/Users/ammiellewambobecker/CL2/robostack/ros2_ws/src/ros-task/install/limo_simulation/share/limo_simulation/package.bash'
[0.995s] [34mcolcon.colcon_core.shell[0m [1;30mINFO[0m Creating package script '/Users/ammiellewambobecker/CL2/robostack/ros2_ws/src/ros-task/install/limo_simulation/share/limo_simulation/package.zsh'
[0.996s] [34mcolcon.colcon_core.environment[0m [1;30mLevel 1[0m create_file_with_runtime_dependencies(/Users/ammiellewambobecker/CL2/robostack/ros2_ws/src/ros-task/install/limo_simulation/share/colcon-core/packages/limo_simulation)
[1.008s] [34mcolcon.colcon_core.environment[0m [1;30mLevel 1[0m create_environment_scripts_only(limo_control)
[1.009s] [34mcolcon.colcon_core.environment[0m [1;30mLevel 1[0m checking '/Users/ammiellewambobecker/CL2/robostack/ros2_ws/src/ros-task/install/limo_control' for CMake module files
[1.009s] [34mcolcon.colcon_core.event_handler.log_command[0m [1;30mDEBUG[0m [32mInvoked command in '/Users/ammiellewambobecker/CL2/robostack/ros2_ws/src/ros-task/build/limo_control' returned '0': CMAKE_PREFIX_PATH=/Users/ammiellewambobecker/CL2/robostack/ros2_ws/src/ros-task/.pixi/envs/default CONDA_PROMPT_MODIFIER=(base) PIXI_PROMPT=(ros-task) SHLVL=2 _=/usr/bin/env /Users/ammiellewambobecker/CL2/robostack/ros2_ws/src/ros-task/.pixi/envs/default/bin/cmake --install /Users/ammiellewambobecker/CL2/robostack/ros2_ws/src/ros-task/build/limo_control[0m
[1.011s] [34mcolcon.colcon_core.environment[0m [1;30mLevel 1[0m checking '/Users/ammiellewambobecker/CL2/robostack/ros2_ws/src/ros-task/install/limo_control' for CMake config files
[1.012s] [34mcolcon.colcon_core.shell[0m [1;30mLevel 1[0m create_environment_hook('limo_control', 'cmake_prefix_path')
[1.012s] [34mcolcon.colcon_core.shell[0m [1;30mINFO[0m Creating environment hook '/Users/ammiellewambobecker/CL2/robostack/ros2_ws/src/ros-task/install/limo_control/share/limo_control/hook/cmake_prefix_path.ps1'
[1.012s] [34mcolcon.colcon_core.shell[0m [1;30mINFO[0m Creating environment descriptor '/Users/ammiellewambobecker/CL2/robostack/ros2_ws/src/ros-task/install/limo_control/share/limo_control/hook/cmake_prefix_path.dsv'
[1.012s] [34mcolcon.colcon_core.shell[0m [1;30mINFO[0m Creating environment hook '/Users/ammiellewambobecker/CL2/robostack/ros2_ws/src/ros-task/install/limo_control/share/limo_control/hook/cmake_prefix_path.sh'
[1.013s] [34mcolcon.colcon_core.environment[0m [1;30mLevel 1[0m checking '/Users/ammiellewambobecker/CL2/robostack/ros2_ws/src/ros-task/install/limo_control/lib'
[1.013s] [34mcolcon.colcon_core.environment[0m [1;30mLevel 1[0m checking '/Users/ammiellewambobecker/CL2/robostack/ros2_ws/src/ros-task/install/limo_control/bin'
[1.013s] [34mcolcon.colcon_core.environment[0m [1;30mLevel 1[0m checking '/Users/ammiellewambobecker/CL2/robostack/ros2_ws/src/ros-task/install/limo_control/lib/pkgconfig/limo_control.pc'
[1.013s] [34mcolcon.colcon_core.environment[0m [1;30mLevel 1[0m checking '/Users/ammiellewambobecker/CL2/robostack/ros2_ws/src/ros-task/install/limo_control/lib/python3.11/site-packages'
[1.013s] [34mcolcon.colcon_core.environment[0m [1;30mLevel 1[0m checking '/Users/ammiellewambobecker/CL2/robostack/ros2_ws/src/ros-task/install/limo_control/bin'
[1.013s] [34mcolcon.colcon_core.shell[0m [1;30mINFO[0m Creating package script '/Users/ammiellewambobecker/CL2/robostack/ros2_ws/src/ros-task/install/limo_control/share/limo_control/package.ps1'
[1.014s] [34mcolcon.colcon_core.shell[0m [1;30mINFO[0m Creating package descriptor '/Users/ammiellewambobecker/CL2/robostack/ros2_ws/src/ros-task/install/limo_control/share/limo_control/package.dsv'
[1.014s] [34mcolcon.colcon_core.shell[0m [1;30mINFO[0m Creating package script '/Users/ammiellewambobecker/CL2/robostack/ros2_ws/src/ros-task/install/limo_control/share/limo_control/package.sh'
[1.014s] [34mcolcon.colcon_core.shell[0m [1;30mINFO[0m Creating package script '/Users/ammiellewambobecker/CL2/robostack/ros2_ws/src/ros-task/install/limo_control/share/limo_control/package.bash'
[1.014s] [34mcolcon.colcon_core.shell[0m [1;30mINFO[0m Creating package script '/Users/ammiellewambobecker/CL2/robostack/ros2_ws/src/ros-task/install/limo_control/share/limo_control/package.zsh'
[1.015s] [34mcolcon.colcon_core.environment[0m [1;30mLevel 1[0m create_file_with_runtime_dependencies(/Users/ammiellewambobecker/CL2/robostack/ros2_ws/src/ros-task/install/limo_control/share/colcon-core/packages/limo_control)
[1.046s] [34mcolcon.colcon_core.environment[0m [1;30mLevel 1[0m create_environment_scripts_only(limo_simulation)
[1.046s] [34mcolcon.colcon_core.environment[0m [1;30mLevel 1[0m checking '/Users/ammiellewambobecker/CL2/robostack/ros2_ws/src/ros-task/install/limo_simulation' for CMake module files
[1.047s] [34mcolcon.colcon_core.environment[0m [1;30mLevel 1[0m checking '/Users/ammiellewambobecker/CL2/robostack/ros2_ws/src/ros-task/install/limo_simulation' for CMake config files
[1.047s] [34mcolcon.colcon_core.shell[0m [1;30mLevel 1[0m create_environment_hook('limo_simulation', 'cmake_prefix_path')
[1.047s] [34mcolcon.colcon_core.shell[0m [1;30mINFO[0m Creating environment hook '/Users/ammiellewambobecker/CL2/robostack/ros2_ws/src/ros-task/install/limo_simulation/share/limo_simulation/hook/cmake_prefix_path.ps1'
[1.047s] [34mcolcon.colcon_core.shell[0m [1;30mINFO[0m Creating environment descriptor '/Users/ammiellewambobecker/CL2/robostack/ros2_ws/src/ros-task/install/limo_simulation/share/limo_simulation/hook/cmake_prefix_path.dsv'
[1.048s] [34mcolcon.colcon_core.shell[0m [1;30mINFO[0m Creating environment hook '/Users/ammiellewambobecker/CL2/robostack/ros2_ws/src/ros-task/install/limo_simulation/share/limo_simulation/hook/cmake_prefix_path.sh'
[1.048s] [34mcolcon.colcon_core.environment[0m [1;30mLevel 1[0m checking '/Users/ammiellewambobecker/CL2/robostack/ros2_ws/src/ros-task/install/limo_simulation/lib'
[1.048s] [34mcolcon.colcon_core.environment[0m [1;30mLevel 1[0m checking '/Users/ammiellewambobecker/CL2/robostack/ros2_ws/src/ros-task/install/limo_simulation/bin'
[1.048s] [34mcolcon.colcon_core.environment[0m [1;30mLevel 1[0m checking '/Users/ammiellewambobecker/CL2/robostack/ros2_ws/src/ros-task/install/limo_simulation/lib/pkgconfig/limo_simulation.pc'
[1.048s] [34mcolcon.colcon_core.environment[0m [1;30mLevel 1[0m checking '/Users/ammiellewambobecker/CL2/robostack/ros2_ws/src/ros-task/install/limo_simulation/lib/python3.11/site-packages'
[1.048s] [34mcolcon.colcon_core.environment[0m [1;30mLevel 1[0m checking '/Users/ammiellewambobecker/CL2/robostack/ros2_ws/src/ros-task/install/limo_simulation/bin'
[1.049s] [34mcolcon.colcon_core.shell[0m [1;30mINFO[0m Creating package script '/Users/ammiellewambobecker/CL2/robostack/ros2_ws/src/ros-task/install/limo_simulation/share/limo_simulation/package.ps1'
[1.049s] [34mcolcon.colcon_core.shell[0m [1;30mINFO[0m Creating package descriptor '/Users/ammiellewambobecker/CL2/robostack/ros2_ws/src/ros-task/install/limo_simulation/share/limo_simulation/package.dsv'
[1.049s] [34mcolcon.colcon_core.shell[0m [1;30mINFO[0m Creating package script '/Users/ammiellewambobecker/CL2/robostack/ros2_ws/src/ros-task/install/limo_simulation/share/limo_simulation/package.sh'
[1.049s] [34mcolcon.colcon_core.shell[0m [1;30mINFO[0m Creating package script '/Users/ammiellewambobecker/CL2/robostack/ros2_ws/src/ros-task/install/limo_simulation/share/limo_simulation/package.bash'
[1.049s] [34mcolcon.colcon_core.shell[0m [1;30mINFO[0m Creating package script '/Users/ammiellewambobecker/CL2/robostack/ros2_ws/src/ros-task/install/limo_simulation/share/limo_simulation/package.zsh'
[1.050s] [34mcolcon.colcon_core.environment[0m [1;30mLevel 1[0m create_file_with_runtime_dependencies(/Users/ammiellewambobecker/CL2/robostack/ros2_ws/src/ros-task/install/limo_simulation/share/colcon-core/packages/limo_simulation)
[1.073s] [34mcolcon.colcon_core.environment[0m [1;30mLevel 1[0m create_environment_scripts_only(limo_control)
[1.073s] [34mcolcon.colcon_core.environment[0m [1;30mLevel 1[0m checking '/Users/ammiellewambobecker/CL2/robostack/ros2_ws/src/ros-task/install/limo_control' for CMake module files
[1.073s] [34mcolcon.colcon_core.environment[0m [1;30mLevel 1[0m checking '/Users/ammiellewambobecker/CL2/robostack/ros2_ws/src/ros-task/install/limo_control' for CMake config files
[1.073s] [34mcolcon.colcon_core.shell[0m [1;30mLevel 1[0m create_environment_hook('limo_control', 'cmake_prefix_path')
[1.073s] [34mcolcon.colcon_core.shell[0m [1;30mINFO[0m Creating environment hook '/Users/ammiellewambobecker/CL2/robostack/ros2_ws/src/ros-task/install/limo_control/share/limo_control/hook/cmake_prefix_path.ps1'
[1.074s] [34mcolcon.colcon_core.shell[0m [1;30mINFO[0m Creating environment descriptor '/Users/ammiellewambobecker/CL2/robostack/ros2_ws/src/ros-task/install/limo_control/share/limo_control/hook/cmake_prefix_path.dsv'
[1.074s] [34mcolcon.colcon_core.shell[0m [1;30mINFO[0m Creating environment hook '/Users/ammiellewambobecker/CL2/robostack/ros2_ws/src/ros-task/install/limo_control/share/limo_control/hook/cmake_prefix_path.sh'
[1.074s] [34mcolcon.colcon_core.environment[0m [1;30mLevel 1[0m checking '/Users/ammiellewambobecker/CL2/robostack/ros2_ws/src/ros-task/install/limo_control/lib'
[1.074s] [34mcolcon.colcon_core.environment[0m [1;30mLevel 1[0m checking '/Users/ammiellewambobecker/CL2/robostack/ros2_ws/src/ros-task/install/limo_control/bin'
[1.074s] [34mcolcon.colcon_core.environment[0m [1;30mLevel 1[0m checking '/Users/ammiellewambobecker/CL2/robostack/ros2_ws/src/ros-task/install/limo_control/lib/pkgconfig/limo_control.pc'
[1.074s] [34mcolcon.colcon_core.environment[0m [1;30mLevel 1[0m checking '/Users/ammiellewambobecker/CL2/robostack/ros2_ws/src/ros-task/install/limo_control/lib/python3.11/site-packages'
[1.074s] [34mcolcon.colcon_core.environment[0m [1;30mLevel 1[0m checking '/Users/ammiellewambobecker/CL2/robostack/ros2_ws/src/ros-task/install/limo_control/bin'
[1.074s] [34mcolcon.colcon_core.shell[0m [1;30mINFO[0m Creating package script '/Users/ammiellewambobecker/CL2/robostack/ros2_ws/src/ros-task/install/limo_control/share/limo_control/package.ps1'
[1.075s] [34mcolcon.colcon_core.shell[0m [1;30mINFO[0m Creating package descriptor '/Users/ammiellewambobecker/CL2/robostack/ros2_ws/src/ros-task/install/limo_control/share/limo_control/package.dsv'
[1.075s] [34mcolcon.colcon_core.shell[0m [1;30mINFO[0m Creating package script '/Users/ammiellewambobecker/CL2/robostack/ros2_ws/src/ros-task/install/limo_control/share/limo_control/package.sh'
[1.075s] [34mcolcon.colcon_core.shell[0m [1;30mINFO[0m Creating package script '/Users/ammiellewambobecker/CL2/robostack/ros2_ws/src/ros-task/install/limo_control/share/limo_control/package.bash'
[1.075s] [34mcolcon.colcon_core.shell[0m [1;30mINFO[0m Creating package script '/Users/ammiellewambobecker/CL2/robostack/ros2_ws/src/ros-task/install/limo_control/share/limo_control/package.zsh'
[1.075s] [34mcolcon.colcon_core.environment[0m [1;30mLevel 1[0m create_file_with_runtime_dependencies(/Users/ammiellewambobecker/CL2/robostack/ros2_ws/src/ros-task/install/limo_control/share/colcon-core/packages/limo_control)
[1.076s] [34mcolcon.colcon_parallel_executor.executor.parallel[0m [1;30mDEBUG[0m [32mclosing loop[0m
[1.076s] [34mcolcon.colcon_parallel_executor.executor.parallel[0m [1;30mDEBUG[0m [32mloop closed[0m
[1.076s] [34mcolcon.colcon_parallel_executor.executor.parallel[0m [1;30mDEBUG[0m [32mrun_until_complete finished with '0'[0m
[1.076s] [34mcolcon.colcon_core.event_reactor[0m [1;30mDEBUG[0m [32mjoining thread[0m
[1.076s] [34mcolcon.colcon_core.event_reactor[0m [1;30mDEBUG[0m [32mjoined thread[0m
[1.076s] [34mcolcon.colcon_core.shell[0m [1;30mINFO[0m Creating prefix script '/Users/ammiellewambobecker/CL2/robostack/ros2_ws/src/ros-task/install/local_setup.ps1'
[1.077s] [34mcolcon.colcon_core.shell[0m [1;30mINFO[0m Creating prefix util module '/Users/ammiellewambobecker/CL2/robostack/ros2_ws/src/ros-task/install/_local_setup_util_ps1.py'
[1.078s] [34mcolcon.colcon_core.shell[0m [1;30mINFO[0m Creating prefix chain script '/Users/ammiellewambobecker/CL2/robostack/ros2_ws/src/ros-task/install/setup.ps1'
[1.079s] [34mcolcon.colcon_core.shell[0m [1;30mINFO[0m Creating prefix script '/Users/ammiellewambobecker/CL2/robostack/ros2_ws/src/ros-task/install/local_setup.sh'
[1.079s] [34mcolcon.colcon_core.shell[0m [1;30mINFO[0m Creating prefix util module '/Users/ammiellewambobecker/CL2/robostack/ros2_ws/src/ros-task/install/_local_setup_util_sh.py'
[1.080s] [34mcolcon.colcon_core.shell[0m [1;30mINFO[0m Creating prefix chain script '/Users/ammiellewambobecker/CL2/robostack/ros2_ws/src/ros-task/install/setup.sh'
[1.080s] [34mcolcon.colcon_core.shell[0m [1;30mINFO[0m Creating prefix script '/Users/ammiellewambobecker/CL2/robostack/ros2_ws/src/ros-task/install/local_setup.bash'
[1.081s] [34mcolcon.colcon_core.shell[0m [1;30mINFO[0m Creating prefix chain script '/Users/ammiellewambobecker/CL2/robostack/ros2_ws/src/ros-task/install/setup.bash'
[1.081s] [34mcolcon.colcon_core.shell[0m [1;30mINFO[0m Creating prefix script '/Users/ammiellewambobecker/CL2/robostack/ros2_ws/src/ros-task/install/local_setup.zsh'
[1.082s] [34mcolcon.colcon_core.shell[0m [1;30mINFO[0m Creating prefix chain script '/Users/ammiellewambobecker/CL2/robostack/ros2_ws/src/ros-task/install/setup.zsh'
