[0.014s] Invoking command in '/Users/ammiellewambobecker/CL2/robostack/ros2_ws/src/ros-task/build/limo_simulation': CMAKE_PREFIX_PATH=${CMAKE_PREFIX_PATH}:/Users/ammiellewambobecker/CL2/robostack/.pixi/envs/humble CONDA_PROMPT_MODIFIER=(base) SHLVL=2 _=/usr/bin/env __CF_USER_TEXT_ENCODING=0x1F5:0x0:0x52 /Users/ammiellewambobecker/CL2/robostack/.pixi/envs/humble/bin/cmake /Users/ammiellewambobecker/CL2/robostack/ros2_ws/src/ros-task/workspace/limo_simulation -DCMAKE_INSTALL_PREFIX=/Users/ammiellewambobecker/CL2/robostack/ros2_ws/src/ros-task/install/limo_simulation
[0.108s] CMake Deprecation Warning at CMakeLists.txt:1 (cmake_minimum_required):
[0.108s]   Compatibility with CMake < 3.10 will be removed from a future version of
[0.108s]   CMake.
[0.108s] 
[0.108s]   Update the VERSION argument <min> value.  Or, use the <min>...<max> syntax
[0.108s]   to tell CMake that the project requires at least <min> but has been updated
[0.108s]   to work with policies introduced by <max> or earlier.
[0.108s] 
[0.108s] 
[0.148s] -- Found ament_cmake: 1.3.11 (/Users/ammiellewambobecker/CL2/robostack/.pixi/envs/humble/share/ament_cmake/cmake)
[0.264s] -- Found Python3: /Users/ammiellewambobecker/CL2/robostack/.pixi/envs/humble/bin/python3 (found version "3.11.11") found components: Interpreter
[0.316s] -- Override CMake install command with custom implementation using symlinks instead of copying resources
[0.333s] -- Found urdf: 2.6.1 (/Users/ammiellewambobecker/CL2/robostack/.pixi/envs/humble/share/urdf/cmake)
[0.355s] -- Found TinyXML2 via Config file: /Users/ammiellewambobecker/CL2/robostack/.pixi/envs/humble/lib/cmake/tinyxml2
[0.425s] -- Configuring done (0.3s)
[0.441s] -- Generating done (0.0s)
[0.442s] -- Build files have been written to: /Users/ammiellewambobecker/CL2/robostack/ros2_ws/src/ros-task/build/limo_simulation
[0.444s] Invoked command in '/Users/ammiellewambobecker/CL2/robostack/ros2_ws/src/ros-task/build/limo_simulation' returned '0': CMAKE_PREFIX_PATH=${CMAKE_PREFIX_PATH}:/Users/ammiellewambobecker/CL2/robostack/.pixi/envs/humble CONDA_PROMPT_MODIFIER=(base) SHLVL=2 _=/usr/bin/env __CF_USER_TEXT_ENCODING=0x1F5:0x0:0x52 /Users/ammiellewambobecker/CL2/robostack/.pixi/envs/humble/bin/cmake /Users/ammiellewambobecker/CL2/robostack/ros2_ws/src/ros-task/workspace/limo_simulation -DCMAKE_INSTALL_PREFIX=/Users/ammiellewambobecker/CL2/robostack/ros2_ws/src/ros-task/install/limo_simulation
[0.447s] Invoking command in '/Users/ammiellewambobecker/CL2/robostack/ros2_ws/src/ros-task/build/limo_simulation': CMAKE_PREFIX_PATH=${CMAKE_PREFIX_PATH}:/Users/ammiellewambobecker/CL2/robostack/.pixi/envs/humble CONDA_PROMPT_MODIFIER=(base) SHLVL=2 _=/usr/bin/env __CF_USER_TEXT_ENCODING=0x1F5:0x0:0x52 /Users/ammiellewambobecker/CL2/robostack/.pixi/envs/humble/bin/cmake --build /Users/ammiellewambobecker/CL2/robostack/ros2_ws/src/ros-task/build/limo_simulation -- -j12 -l12
[0.497s] Invoked command in '/Users/ammiellewambobecker/CL2/robostack/ros2_ws/src/ros-task/build/limo_simulation' returned '0': CMAKE_PREFIX_PATH=${CMAKE_PREFIX_PATH}:/Users/ammiellewambobecker/CL2/robostack/.pixi/envs/humble CONDA_PROMPT_MODIFIER=(base) SHLVL=2 _=/usr/bin/env __CF_USER_TEXT_ENCODING=0x1F5:0x0:0x52 /Users/ammiellewambobecker/CL2/robostack/.pixi/envs/humble/bin/cmake --build /Users/ammiellewambobecker/CL2/robostack/ros2_ws/src/ros-task/build/limo_simulation -- -j12 -l12
[0.569s] Invoking command in '/Users/ammiellewambobecker/CL2/robostack/ros2_ws/src/ros-task/build/limo_simulation': CMAKE_PREFIX_PATH=${CMAKE_PREFIX_PATH}:/Users/ammiellewambobecker/CL2/robostack/.pixi/envs/humble CONDA_PROMPT_MODIFIER=(base) SHLVL=2 _=/usr/bin/env __CF_USER_TEXT_ENCODING=0x1F5:0x0:0x52 /Users/ammiellewambobecker/CL2/robostack/.pixi/envs/humble/bin/cmake --install /Users/ammiellewambobecker/CL2/robostack/ros2_ws/src/ros-task/build/limo_simulation
[0.580s] -- Install configuration: ""
[0.580s] -- Execute custom install script
[0.580s] -- Up-to-date symlink: /Users/ammiellewambobecker/CL2/robostack/ros2_ws/src/ros-task/install/limo_simulation/share/limo_simulation/launch/limo.launch.py
[0.581s] -- Up-to-date symlink: /Users/ammiellewambobecker/CL2/robostack/ros2_ws/src/ros-task/install/limo_simulation/share/limo_simulation/meshes/limo_base.dae
[0.581s] -- Up-to-date symlink: /Users/ammiellewambobecker/CL2/robostack/ros2_ws/src/ros-task/install/limo_simulation/share/limo_simulation/meshes/limo_base.stl
[0.581s] -- Up-to-date symlink: /Users/ammiellewambobecker/CL2/robostack/ros2_ws/src/ros-task/install/limo_simulation/share/limo_simulation/meshes/limo_base_decimated.dae
[0.581s] -- Up-to-date symlink: /Users/ammiellewambobecker/CL2/robostack/ros2_ws/src/ros-task/install/limo_simulation/share/limo_simulation/meshes/limo_wheel.dae
[0.581s] -- Up-to-date symlink: /Users/ammiellewambobecker/CL2/robostack/ros2_ws/src/ros-task/install/limo_simulation/share/limo_simulation/meshes/limo_wheel.stl
[0.581s] -- Up-to-date symlink: /Users/ammiellewambobecker/CL2/robostack/ros2_ws/src/ros-task/install/limo_simulation/share/limo_simulation/urdf/limo_four_diff.gazebo
[0.582s] -- Up-to-date symlink: /Users/ammiellewambobecker/CL2/robostack/ros2_ws/src/ros-task/install/limo_simulation/share/limo_simulation/urdf/limo_four_diff.xacro
[0.582s] -- Up-to-date symlink: /Users/ammiellewambobecker/CL2/robostack/ros2_ws/src/ros-task/install/limo_simulation/share/limo_simulation/urdf/limo_xacro.xacro
[0.582s] -- Up-to-date symlink: /Users/ammiellewambobecker/CL2/robostack/ros2_ws/src/ros-task/install/limo_simulation/share/limo_simulation/worlds/empty.sdf
[0.582s] -- Up-to-date symlink: /Users/ammiellewambobecker/CL2/robostack/ros2_ws/src/ros-task/install/limo_simulation/share/ament_index/resource_index/package_run_dependencies/limo_simulation
[0.582s] -- Up-to-date symlink: /Users/ammiellewambobecker/CL2/robostack/ros2_ws/src/ros-task/install/limo_simulation/share/ament_index/resource_index/parent_prefix_path/limo_simulation
[0.582s] -- Up-to-date symlink: /Users/ammiellewambobecker/CL2/robostack/ros2_ws/src/ros-task/install/limo_simulation/share/limo_simulation/environment/ament_prefix_path.sh
[0.583s] -- Up-to-date symlink: /Users/ammiellewambobecker/CL2/robostack/ros2_ws/src/ros-task/install/limo_simulation/share/limo_simulation/environment/ament_prefix_path.dsv
[0.583s] -- Up-to-date symlink: /Users/ammiellewambobecker/CL2/robostack/ros2_ws/src/ros-task/install/limo_simulation/share/limo_simulation/environment/path.sh
[0.583s] -- Up-to-date symlink: /Users/ammiellewambobecker/CL2/robostack/ros2_ws/src/ros-task/install/limo_simulation/share/limo_simulation/environment/path.dsv
[0.583s] -- Up-to-date symlink: /Users/ammiellewambobecker/CL2/robostack/ros2_ws/src/ros-task/install/limo_simulation/share/limo_simulation/local_setup.bash
[0.583s] -- Up-to-date symlink: /Users/ammiellewambobecker/CL2/robostack/ros2_ws/src/ros-task/install/limo_simulation/share/limo_simulation/local_setup.sh
[0.583s] -- Up-to-date symlink: /Users/ammiellewambobecker/CL2/robostack/ros2_ws/src/ros-task/install/limo_simulation/share/limo_simulation/local_setup.zsh
[0.583s] -- Up-to-date symlink: /Users/ammiellewambobecker/CL2/robostack/ros2_ws/src/ros-task/install/limo_simulation/share/limo_simulation/local_setup.dsv
[0.584s] -- Symlinking: /Users/ammiellewambobecker/CL2/robostack/ros2_ws/src/ros-task/install/limo_simulation/share/limo_simulation/package.dsv
[0.595s] -- Up-to-date symlink: /Users/ammiellewambobecker/CL2/robostack/ros2_ws/src/ros-task/install/limo_simulation/share/ament_index/resource_index/packages/limo_simulation
[0.595s] -- Up-to-date symlink: /Users/ammiellewambobecker/CL2/robostack/ros2_ws/src/ros-task/install/limo_simulation/share/limo_simulation/cmake/ament_cmake_export_dependencies-extras.cmake
[0.595s] -- Up-to-date symlink: /Users/ammiellewambobecker/CL2/robostack/ros2_ws/src/ros-task/install/limo_simulation/share/limo_simulation/cmake/limo_simulationConfig.cmake
[0.595s] -- Up-to-date symlink: /Users/ammiellewambobecker/CL2/robostack/ros2_ws/src/ros-task/install/limo_simulation/share/limo_simulation/cmake/limo_simulationConfig-version.cmake
[0.595s] -- Up-to-date symlink: /Users/ammiellewambobecker/CL2/robostack/ros2_ws/src/ros-task/install/limo_simulation/share/limo_simulation/package.xml
[0.596s] Invoked command in '/Users/ammiellewambobecker/CL2/robostack/ros2_ws/src/ros-task/build/limo_simulation' returned '0': CMAKE_PREFIX_PATH=${CMAKE_PREFIX_PATH}:/Users/ammiellewambobecker/CL2/robostack/.pixi/envs/humble CONDA_PROMPT_MODIFIER=(base) SHLVL=2 _=/usr/bin/env __CF_USER_TEXT_ENCODING=0x1F5:0x0:0x52 /Users/ammiellewambobecker/CL2/robostack/.pixi/envs/humble/bin/cmake --install /Users/ammiellewambobecker/CL2/robostack/ros2_ws/src/ros-task/build/limo_simulation
