[0.223s] [34mcolcon[0m [1;30mDEBUG[0m [32mCommand line arguments: ['/Users/ammiellewambobecker/CL2/robostack/.pixi/envs/humble/bin/colcon', 'build', '--packages-select', 'limo_control', 'limo_simulation'][0m
[0.224s] [34mcolcon[0m [1;30mDEBUG[0m [32mParsed command line arguments: Namespace(log_base=None, log_level=None, verb_name='build', build_base='build', install_base='install', merge_install=False, symlink_install=False, test_result_base=None, continue_on_error=False, executor='parallel', parallel_workers=12, event_handlers=None, ignore_user_meta=False, metas=['./colcon.meta'], base_paths=['.'], packages_ignore=None, packages_ignore_regex=None, paths=None, packages_up_to=None, packages_up_to_regex=None, packages_above=None, packages_above_and_dependencies=None, packages_above_depth=None, packages_select_by_dep=None, packages_skip_by_dep=None, packages_skip_up_to=None, packages_select_build_failed=False, packages_skip_build_finished=False, packages_select_test_failures=False, packages_skip_test_passed=False, packages_select=['limo_control', 'limo_simulation'], packages_skip=None, packages_select_regex=None, packages_skip_regex=None, packages_start=None, packages_end=None, cmake_args=None, cmake_target=None, cmake_target_skip_unavailable=False, cmake_clean_cache=False, cmake_clean_first=False, cmake_force_configure=False, ament_cmake_args=None, catkin_cmake_args=None, catkin_skip_building_tests=False, verb_parser=<colcon_defaults.argument_parser.defaults.DefaultArgumentsDecorator object at 0x101a64bd0>, verb_extension=<colcon_core.verb.build.BuildVerb object at 0x101a64550>, main=<bound method BuildVerb.main of <colcon_core.verb.build.BuildVerb object at 0x101a64550>>)[0m
[0.272s] [34mcolcon.colcon_core.package_discovery[0m [1;30mLevel 1[0m discover_packages(colcon_meta) check parameters
[0.272s] [34mcolcon.colcon_core.package_discovery[0m [1;30mLevel 1[0m discover_packages(recursive) check parameters
[0.272s] [34mcolcon.colcon_core.package_discovery[0m [1;30mLevel 1[0m discover_packages(ignore) check parameters
[0.272s] [34mcolcon.colcon_core.package_discovery[0m [1;30mLevel 1[0m discover_packages(path) check parameters
[0.272s] [34mcolcon.colcon_core.package_discovery[0m [1;30mLevel 1[0m discover_packages(colcon_meta) discover
[0.272s] [34mcolcon.colcon_core.package_discovery[0m [1;30mLevel 1[0m discover_packages(recursive) discover
[0.272s] [34mcolcon.colcon_core.package_discovery[0m [1;30mINFO[0m Crawling recursively for packages in '/Users/ammiellewambobecker/CL2/robostack/ros2_ws/src/ros-task'
[0.272s] [34mcolcon.colcon_core.package_identification[0m [1;30mLevel 1[0m _identify(.) by extensions ['ignore', 'ignore_ament_install']
[0.272s] [34mcolcon.colcon_core.package_identification[0m [1;30mLevel 1[0m _identify(.) by extension 'ignore'
[0.272s] [34mcolcon.colcon_core.package_identification[0m [1;30mLevel 1[0m _identify(.) by extension 'ignore_ament_install'
[0.272s] [34mcolcon.colcon_core.package_identification[0m [1;30mLevel 1[0m _identify(.) by extensions ['colcon_pkg']
[0.272s] [34mcolcon.colcon_core.package_identification[0m [1;30mLevel 1[0m _identify(.) by extension 'colcon_pkg'
[0.272s] [34mcolcon.colcon_core.package_identification[0m [1;30mLevel 1[0m _identify(.) by extensions ['colcon_meta']
[0.272s] [34mcolcon.colcon_core.package_identification[0m [1;30mLevel 1[0m _identify(.) by extension 'colcon_meta'
[0.272s] [34mcolcon.colcon_core.package_identification[0m [1;30mLevel 1[0m _identify(.) by extensions ['ros']
[0.272s] [34mcolcon.colcon_core.package_identification[0m [1;30mLevel 1[0m _identify(.) by extension 'ros'
[0.294s] [34mcolcon.colcon_core.package_identification[0m [1;30mLevel 1[0m _identify(.) by extensions ['cmake', 'python']
[0.294s] [34mcolcon.colcon_core.package_identification[0m [1;30mLevel 1[0m _identify(.) by extension 'cmake'
[0.294s] [34mcolcon.colcon_core.package_identification[0m [1;30mLevel 1[0m _identify(.) by extension 'python'
[0.294s] [34mcolcon.colcon_core.package_identification[0m [1;30mLevel 1[0m _identify(.) by extensions ['python_setup_py']
[0.294s] [34mcolcon.colcon_core.package_identification[0m [1;30mLevel 1[0m _identify(.) by extension 'python_setup_py'
[0.294s] [34mcolcon.colcon_core.package_identification[0m [1;30mLevel 1[0m _identify(build) by extensions ['ignore', 'ignore_ament_install']
[0.294s] [34mcolcon.colcon_core.package_identification[0m [1;30mLevel 1[0m _identify(build) by extension 'ignore'
[0.294s] [34mcolcon.colcon_core.package_identification[0m [1;30mLevel 1[0m _identify(build) ignored
[0.295s] [34mcolcon.colcon_core.package_identification[0m [1;30mLevel 1[0m _identify(docker) by extensions ['ignore', 'ignore_ament_install']
[0.295s] [34mcolcon.colcon_core.package_identification[0m [1;30mLevel 1[0m _identify(docker) by extension 'ignore'
[0.295s] [34mcolcon.colcon_core.package_identification[0m [1;30mLevel 1[0m _identify(docker) by extension 'ignore_ament_install'
[0.295s] [34mcolcon.colcon_core.package_identification[0m [1;30mLevel 1[0m _identify(docker) by extensions ['colcon_pkg']
[0.295s] [34mcolcon.colcon_core.package_identification[0m [1;30mLevel 1[0m _identify(docker) by extension 'colcon_pkg'
[0.295s] [34mcolcon.colcon_core.package_identification[0m [1;30mLevel 1[0m _identify(docker) by extensions ['colcon_meta']
[0.295s] [34mcolcon.colcon_core.package_identification[0m [1;30mLevel 1[0m _identify(docker) by extension 'colcon_meta'
[0.295s] [34mcolcon.colcon_core.package_identification[0m [1;30mLevel 1[0m _identify(docker) by extensions ['ros']
[0.295s] [34mcolcon.colcon_core.package_identification[0m [1;30mLevel 1[0m _identify(docker) by extension 'ros'
[0.295s] [34mcolcon.colcon_core.package_identification[0m [1;30mLevel 1[0m _identify(docker) by extensions ['cmake', 'python']
[0.295s] [34mcolcon.colcon_core.package_identification[0m [1;30mLevel 1[0m _identify(docker) by extension 'cmake'
[0.295s] [34mcolcon.colcon_core.package_identification[0m [1;30mLevel 1[0m _identify(docker) by extension 'python'
[0.295s] [34mcolcon.colcon_core.package_identification[0m [1;30mLevel 1[0m _identify(docker) by extensions ['python_setup_py']
[0.295s] [34mcolcon.colcon_core.package_identification[0m [1;30mLevel 1[0m _identify(docker) by extension 'python_setup_py'
[0.295s] [34mcolcon.colcon_core.package_identification[0m [1;30mLevel 1[0m _identify(install) by extensions ['ignore', 'ignore_ament_install']
[0.295s] [34mcolcon.colcon_core.package_identification[0m [1;30mLevel 1[0m _identify(install) by extension 'ignore'
[0.295s] [34mcolcon.colcon_core.package_identification[0m [1;30mLevel 1[0m _identify(install) ignored
[0.295s] [34mcolcon.colcon_core.package_identification[0m [1;30mLevel 1[0m _identify(log) by extensions ['ignore', 'ignore_ament_install']
[0.295s] [34mcolcon.colcon_core.package_identification[0m [1;30mLevel 1[0m _identify(log) by extension 'ignore'
[0.295s] [34mcolcon.colcon_core.package_identification[0m [1;30mLevel 1[0m _identify(log) ignored
[0.295s] [34mcolcon.colcon_core.package_identification[0m [1;30mLevel 1[0m _identify(scripts) by extensions ['ignore', 'ignore_ament_install']
[0.295s] [34mcolcon.colcon_core.package_identification[0m [1;30mLevel 1[0m _identify(scripts) by extension 'ignore'
[0.295s] [34mcolcon.colcon_core.package_identification[0m [1;30mLevel 1[0m _identify(scripts) by extension 'ignore_ament_install'
[0.295s] [34mcolcon.colcon_core.package_identification[0m [1;30mLevel 1[0m _identify(scripts) by extensions ['colcon_pkg']
[0.296s] [34mcolcon.colcon_core.package_identification[0m [1;30mLevel 1[0m _identify(scripts) by extension 'colcon_pkg'
[0.296s] [34mcolcon.colcon_core.package_identification[0m [1;30mLevel 1[0m _identify(scripts) by extensions ['colcon_meta']
[0.296s] [34mcolcon.colcon_core.package_identification[0m [1;30mLevel 1[0m _identify(scripts) by extension 'colcon_meta'
[0.296s] [34mcolcon.colcon_core.package_identification[0m [1;30mLevel 1[0m _identify(scripts) by extensions ['ros']
[0.296s] [34mcolcon.colcon_core.package_identification[0m [1;30mLevel 1[0m _identify(scripts) by extension 'ros'
[0.296s] [34mcolcon.colcon_core.package_identification[0m [1;30mLevel 1[0m _identify(scripts) by extensions ['cmake', 'python']
[0.296s] [34mcolcon.colcon_core.package_identification[0m [1;30mLevel 1[0m _identify(scripts) by extension 'cmake'
[0.296s] [34mcolcon.colcon_core.package_identification[0m [1;30mLevel 1[0m _identify(scripts) by extension 'python'
[0.296s] [34mcolcon.colcon_core.package_identification[0m [1;30mLevel 1[0m _identify(scripts) by extensions ['python_setup_py']
[0.296s] [34mcolcon.colcon_core.package_identification[0m [1;30mLevel 1[0m _identify(scripts) by extension 'python_setup_py'
[0.296s] [34mcolcon.colcon_core.package_identification[0m [1;30mLevel 1[0m _identify(scripts/build) by extensions ['ignore', 'ignore_ament_install']
[0.296s] [34mcolcon.colcon_core.package_identification[0m [1;30mLevel 1[0m _identify(scripts/build) by extension 'ignore'
[0.296s] [34mcolcon.colcon_core.package_identification[0m [1;30mLevel 1[0m _identify(scripts/build) by extension 'ignore_ament_install'
[0.296s] [34mcolcon.colcon_core.package_identification[0m [1;30mLevel 1[0m _identify(scripts/build) by extensions ['colcon_pkg']
[0.296s] [34mcolcon.colcon_core.package_identification[0m [1;30mLevel 1[0m _identify(scripts/build) by extension 'colcon_pkg'
[0.296s] [34mcolcon.colcon_core.package_identification[0m [1;30mLevel 1[0m _identify(scripts/build) by extensions ['colcon_meta']
[0.296s] [34mcolcon.colcon_core.package_identification[0m [1;30mLevel 1[0m _identify(scripts/build) by extension 'colcon_meta'
[0.296s] [34mcolcon.colcon_core.package_identification[0m [1;30mLevel 1[0m _identify(scripts/build) by extensions ['ros']
[0.296s] [34mcolcon.colcon_core.package_identification[0m [1;30mLevel 1[0m _identify(scripts/build) by extension 'ros'
[0.296s] [34mcolcon.colcon_core.package_identification[0m [1;30mLevel 1[0m _identify(scripts/build) by extensions ['cmake', 'python']
[0.296s] [34mcolcon.colcon_core.package_identification[0m [1;30mLevel 1[0m _identify(scripts/build) by extension 'cmake'
[0.296s] [34mcolcon.colcon_core.package_identification[0m [1;30mLevel 1[0m _identify(scripts/build) by extension 'python'
[0.296s] [34mcolcon.colcon_core.package_identification[0m [1;30mLevel 1[0m _identify(scripts/build) by extensions ['python_setup_py']
[0.296s] [34mcolcon.colcon_core.package_identification[0m [1;30mLevel 1[0m _identify(scripts/build) by extension 'python_setup_py'
[0.296s] [34mcolcon.colcon_core.package_identification[0m [1;30mLevel 1[0m _identify(scripts/deploy) by extensions ['ignore', 'ignore_ament_install']
[0.296s] [34mcolcon.colcon_core.package_identification[0m [1;30mLevel 1[0m _identify(scripts/deploy) by extension 'ignore'
[0.296s] [34mcolcon.colcon_core.package_identification[0m [1;30mLevel 1[0m _identify(scripts/deploy) by extension 'ignore_ament_install'
[0.296s] [34mcolcon.colcon_core.package_identification[0m [1;30mLevel 1[0m _identify(scripts/deploy) by extensions ['colcon_pkg']
[0.296s] [34mcolcon.colcon_core.package_identification[0m [1;30mLevel 1[0m _identify(scripts/deploy) by extension 'colcon_pkg'
[0.296s] [34mcolcon.colcon_core.package_identification[0m [1;30mLevel 1[0m _identify(scripts/deploy) by extensions ['colcon_meta']
[0.296s] [34mcolcon.colcon_core.package_identification[0m [1;30mLevel 1[0m _identify(scripts/deploy) by extension 'colcon_meta'
[0.296s] [34mcolcon.colcon_core.package_identification[0m [1;30mLevel 1[0m _identify(scripts/deploy) by extensions ['ros']
[0.296s] [34mcolcon.colcon_core.package_identification[0m [1;30mLevel 1[0m _identify(scripts/deploy) by extension 'ros'
[0.296s] [34mcolcon.colcon_core.package_identification[0m [1;30mLevel 1[0m _identify(scripts/deploy) by extensions ['cmake', 'python']
[0.296s] [34mcolcon.colcon_core.package_identification[0m [1;30mLevel 1[0m _identify(scripts/deploy) by extension 'cmake'
[0.296s] [34mcolcon.colcon_core.package_identification[0m [1;30mLevel 1[0m _identify(scripts/deploy) by extension 'python'
[0.296s] [34mcolcon.colcon_core.package_identification[0m [1;30mLevel 1[0m _identify(scripts/deploy) by extensions ['python_setup_py']
[0.296s] [34mcolcon.colcon_core.package_identification[0m [1;30mLevel 1[0m _identify(scripts/deploy) by extension 'python_setup_py'
[0.296s] [34mcolcon.colcon_core.package_identification[0m [1;30mLevel 1[0m _identify(scripts/setup) by extensions ['ignore', 'ignore_ament_install']
[0.296s] [34mcolcon.colcon_core.package_identification[0m [1;30mLevel 1[0m _identify(scripts/setup) by extension 'ignore'
[0.296s] [34mcolcon.colcon_core.package_identification[0m [1;30mLevel 1[0m _identify(scripts/setup) by extension 'ignore_ament_install'
[0.296s] [34mcolcon.colcon_core.package_identification[0m [1;30mLevel 1[0m _identify(scripts/setup) by extensions ['colcon_pkg']
[0.296s] [34mcolcon.colcon_core.package_identification[0m [1;30mLevel 1[0m _identify(scripts/setup) by extension 'colcon_pkg'
[0.296s] [34mcolcon.colcon_core.package_identification[0m [1;30mLevel 1[0m _identify(scripts/setup) by extensions ['colcon_meta']
[0.296s] [34mcolcon.colcon_core.package_identification[0m [1;30mLevel 1[0m _identify(scripts/setup) by extension 'colcon_meta'
[0.296s] [34mcolcon.colcon_core.package_identification[0m [1;30mLevel 1[0m _identify(scripts/setup) by extensions ['ros']
[0.296s] [34mcolcon.colcon_core.package_identification[0m [1;30mLevel 1[0m _identify(scripts/setup) by extension 'ros'
[0.297s] [34mcolcon.colcon_core.package_identification[0m [1;30mLevel 1[0m _identify(scripts/setup) by extensions ['cmake', 'python']
[0.297s] [34mcolcon.colcon_core.package_identification[0m [1;30mLevel 1[0m _identify(scripts/setup) by extension 'cmake'
[0.297s] [34mcolcon.colcon_core.package_identification[0m [1;30mLevel 1[0m _identify(scripts/setup) by extension 'python'
[0.297s] [34mcolcon.colcon_core.package_identification[0m [1;30mLevel 1[0m _identify(scripts/setup) by extensions ['python_setup_py']
[0.297s] [34mcolcon.colcon_core.package_identification[0m [1;30mLevel 1[0m _identify(scripts/setup) by extension 'python_setup_py'
[0.297s] [34mcolcon.colcon_core.package_identification[0m [1;30mLevel 1[0m _identify(workspace) by extensions ['ignore', 'ignore_ament_install']
[0.297s] [34mcolcon.colcon_core.package_identification[0m [1;30mLevel 1[0m _identify(workspace) by extension 'ignore'
[0.297s] [34mcolcon.colcon_core.package_identification[0m [1;30mLevel 1[0m _identify(workspace) by extension 'ignore_ament_install'
[0.297s] [34mcolcon.colcon_core.package_identification[0m [1;30mLevel 1[0m _identify(workspace) by extensions ['colcon_pkg']
[0.297s] [34mcolcon.colcon_core.package_identification[0m [1;30mLevel 1[0m _identify(workspace) by extension 'colcon_pkg'
[0.297s] [34mcolcon.colcon_core.package_identification[0m [1;30mLevel 1[0m _identify(workspace) by extensions ['colcon_meta']
[0.297s] [34mcolcon.colcon_core.package_identification[0m [1;30mLevel 1[0m _identify(workspace) by extension 'colcon_meta'
[0.297s] [34mcolcon.colcon_core.package_identification[0m [1;30mLevel 1[0m _identify(workspace) by extensions ['ros']
[0.297s] [34mcolcon.colcon_core.package_identification[0m [1;30mLevel 1[0m _identify(workspace) by extension 'ros'
[0.297s] [34mcolcon.colcon_core.package_identification[0m [1;30mLevel 1[0m _identify(workspace) by extensions ['cmake', 'python']
[0.297s] [34mcolcon.colcon_core.package_identification[0m [1;30mLevel 1[0m _identify(workspace) by extension 'cmake'
[0.297s] [34mcolcon.colcon_core.package_identification[0m [1;30mLevel 1[0m _identify(workspace) by extension 'python'
[0.297s] [34mcolcon.colcon_core.package_identification[0m [1;30mLevel 1[0m _identify(workspace) by extensions ['python_setup_py']
[0.297s] [34mcolcon.colcon_core.package_identification[0m [1;30mLevel 1[0m _identify(workspace) by extension 'python_setup_py'
[0.297s] [34mcolcon.colcon_core.package_identification[0m [1;30mLevel 1[0m _identify(workspace/limo_control) by extensions ['ignore', 'ignore_ament_install']
[0.297s] [34mcolcon.colcon_core.package_identification[0m [1;30mLevel 1[0m _identify(workspace/limo_control) by extension 'ignore'
[0.297s] [34mcolcon.colcon_core.package_identification[0m [1;30mLevel 1[0m _identify(workspace/limo_control) by extension 'ignore_ament_install'
[0.297s] [34mcolcon.colcon_core.package_identification[0m [1;30mLevel 1[0m _identify(workspace/limo_control) by extensions ['colcon_pkg']
[0.297s] [34mcolcon.colcon_core.package_identification[0m [1;30mLevel 1[0m _identify(workspace/limo_control) by extension 'colcon_pkg'
[0.297s] [34mcolcon.colcon_core.package_identification[0m [1;30mLevel 1[0m _identify(workspace/limo_control) by extensions ['colcon_meta']
[0.297s] [34mcolcon.colcon_core.package_identification[0m [1;30mLevel 1[0m _identify(workspace/limo_control) by extension 'colcon_meta'
[0.297s] [34mcolcon.colcon_core.package_identification[0m [1;30mLevel 1[0m _identify(workspace/limo_control) by extensions ['ros']
[0.297s] [34mcolcon.colcon_core.package_identification[0m [1;30mLevel 1[0m _identify(workspace/limo_control) by extension 'ros'
[0.300s] [34mcolcon.colcon_core.package_identification[0m [1;30mDEBUG[0m [32mPackage 'workspace/limo_control' with type 'ros.ament_cmake' and name 'limo_control'[0m
[0.300s] [34mcolcon.colcon_core.package_identification[0m [1;30mLevel 1[0m _identify(workspace/limo_simulation) by extensions ['ignore', 'ignore_ament_install']
[0.300s] [34mcolcon.colcon_core.package_identification[0m [1;30mLevel 1[0m _identify(workspace/limo_simulation) by extension 'ignore'
[0.300s] [34mcolcon.colcon_core.package_identification[0m [1;30mLevel 1[0m _identify(workspace/limo_simulation) by extension 'ignore_ament_install'
[0.300s] [34mcolcon.colcon_core.package_identification[0m [1;30mLevel 1[0m _identify(workspace/limo_simulation) by extensions ['colcon_pkg']
[0.300s] [34mcolcon.colcon_core.package_identification[0m [1;30mLevel 1[0m _identify(workspace/limo_simulation) by extension 'colcon_pkg'
[0.300s] [34mcolcon.colcon_core.package_identification[0m [1;30mLevel 1[0m _identify(workspace/limo_simulation) by extensions ['colcon_meta']
[0.300s] [34mcolcon.colcon_core.package_identification[0m [1;30mLevel 1[0m _identify(workspace/limo_simulation) by extension 'colcon_meta'
[0.300s] [34mcolcon.colcon_core.package_identification[0m [1;30mLevel 1[0m _identify(workspace/limo_simulation) by extensions ['ros']
[0.300s] [34mcolcon.colcon_core.package_identification[0m [1;30mLevel 1[0m _identify(workspace/limo_simulation) by extension 'ros'
[0.300s] [34mcolcon.colcon_core.package_identification[0m [1;30mDEBUG[0m [32mPackage 'workspace/limo_simulation' with type 'ros.ament_cmake' and name 'limo_simulation'[0m
[0.301s] [34mcolcon.colcon_core.package_discovery[0m [1;30mLevel 1[0m discover_packages(recursive) using defaults
[0.301s] [34mcolcon.colcon_core.package_discovery[0m [1;30mLevel 1[0m discover_packages(ignore) discover
[0.301s] [34mcolcon.colcon_core.package_discovery[0m [1;30mLevel 1[0m discover_packages(ignore) using defaults
[0.301s] [34mcolcon.colcon_core.package_discovery[0m [1;30mLevel 1[0m discover_packages(path) discover
[0.301s] [34mcolcon.colcon_core.package_discovery[0m [1;30mLevel 1[0m discover_packages(path) using defaults
[0.315s] [34mcolcon.colcon_core.verb[0m [1;30mLevel 5[0m set package 'limo_control' build argument 'cmake_args' from command line to 'None'
[0.315s] [34mcolcon.colcon_core.verb[0m [1;30mLevel 5[0m set package 'limo_control' build argument 'cmake_target' from command line to 'None'
[0.315s] [34mcolcon.colcon_core.verb[0m [1;30mLevel 5[0m set package 'limo_control' build argument 'cmake_target_skip_unavailable' from command line to 'False'
[0.315s] [34mcolcon.colcon_core.verb[0m [1;30mLevel 5[0m set package 'limo_control' build argument 'cmake_clean_cache' from command line to 'False'
[0.315s] [34mcolcon.colcon_core.verb[0m [1;30mLevel 5[0m set package 'limo_control' build argument 'cmake_clean_first' from command line to 'False'
[0.315s] [34mcolcon.colcon_core.verb[0m [1;30mLevel 5[0m set package 'limo_control' build argument 'cmake_force_configure' from command line to 'False'
[0.315s] [34mcolcon.colcon_core.verb[0m [1;30mLevel 5[0m set package 'limo_control' build argument 'ament_cmake_args' from command line to 'None'
[0.315s] [34mcolcon.colcon_core.verb[0m [1;30mLevel 5[0m set package 'limo_control' build argument 'catkin_cmake_args' from command line to 'None'
[0.315s] [34mcolcon.colcon_core.verb[0m [1;30mLevel 5[0m set package 'limo_control' build argument 'catkin_skip_building_tests' from command line to 'False'
[0.315s] [34mcolcon.colcon_core.verb[0m [1;30mDEBUG[0m [32mBuilding package 'limo_control' with the following arguments: {'ament_cmake_args': None, 'build_base': '/Users/ammiellewambobecker/CL2/robostack/ros2_ws/src/ros-task/build/limo_control', 'catkin_cmake_args': None, 'catkin_skip_building_tests': False, 'cmake_args': None, 'cmake_clean_cache': False, 'cmake_clean_first': False, 'cmake_force_configure': False, 'cmake_target': None, 'cmake_target_skip_unavailable': False, 'install_base': '/Users/ammiellewambobecker/CL2/robostack/ros2_ws/src/ros-task/install/limo_control', 'merge_install': False, 'path': '/Users/ammiellewambobecker/CL2/robostack/ros2_ws/src/ros-task/workspace/limo_control', 'symlink_install': False, 'test_result_base': None}[0m
[0.316s] [34mcolcon.colcon_core.verb[0m [1;30mLevel 5[0m set package 'limo_simulation' build argument 'cmake_args' from command line to 'None'
[0.316s] [34mcolcon.colcon_core.verb[0m [1;30mLevel 5[0m set package 'limo_simulation' build argument 'cmake_target' from command line to 'None'
[0.316s] [34mcolcon.colcon_core.verb[0m [1;30mLevel 5[0m set package 'limo_simulation' build argument 'cmake_target_skip_unavailable' from command line to 'False'
[0.316s] [34mcolcon.colcon_core.verb[0m [1;30mLevel 5[0m set package 'limo_simulation' build argument 'cmake_clean_cache' from command line to 'False'
[0.316s] [34mcolcon.colcon_core.verb[0m [1;30mLevel 5[0m set package 'limo_simulation' build argument 'cmake_clean_first' from command line to 'False'
[0.316s] [34mcolcon.colcon_core.verb[0m [1;30mLevel 5[0m set package 'limo_simulation' build argument 'cmake_force_configure' from command line to 'False'
[0.316s] [34mcolcon.colcon_core.verb[0m [1;30mLevel 5[0m set package 'limo_simulation' build argument 'ament_cmake_args' from command line to 'None'
[0.316s] [34mcolcon.colcon_core.verb[0m [1;30mLevel 5[0m set package 'limo_simulation' build argument 'catkin_cmake_args' from command line to 'None'
[0.316s] [34mcolcon.colcon_core.verb[0m [1;30mLevel 5[0m set package 'limo_simulation' build argument 'catkin_skip_building_tests' from command line to 'False'
[0.316s] [34mcolcon.colcon_core.verb[0m [1;30mDEBUG[0m [32mBuilding package 'limo_simulation' with the following arguments: {'ament_cmake_args': None, 'build_base': '/Users/ammiellewambobecker/CL2/robostack/ros2_ws/src/ros-task/build/limo_simulation', 'catkin_cmake_args': None, 'catkin_skip_building_tests': False, 'cmake_args': None, 'cmake_clean_cache': False, 'cmake_clean_first': False, 'cmake_force_configure': False, 'cmake_target': None, 'cmake_target_skip_unavailable': False, 'install_base': '/Users/ammiellewambobecker/CL2/robostack/ros2_ws/src/ros-task/install/limo_simulation', 'merge_install': False, 'path': '/Users/ammiellewambobecker/CL2/robostack/ros2_ws/src/ros-task/workspace/limo_simulation', 'symlink_install': False, 'test_result_base': None}[0m
[0.316s] [34mcolcon.colcon_core.executor[0m [1;30mINFO[0m Executing jobs using 'parallel' executor
[0.316s] [34mcolcon.colcon_parallel_executor.executor.parallel[0m [1;30mDEBUG[0m [32mrun_until_complete[0m
[0.316s] [34mcolcon.colcon_ros.task.ament_cmake.build[0m [1;30mINFO[0m Building ROS package in '/Users/ammiellewambobecker/CL2/robostack/ros2_ws/src/ros-task/workspace/limo_control' with build type 'ament_cmake'
[0.316s] [34mcolcon.colcon_cmake.task.cmake.build[0m [1;30mINFO[0m Building CMake package in '/Users/ammiellewambobecker/CL2/robostack/ros2_ws/src/ros-task/workspace/limo_control'
[0.319s] [34mcolcon.colcon_core.plugin_system[0m [1;30mINFO[0m Skipping extension 'colcon_core.shell.bat': Not used on non-Windows systems
[0.319s] [34mcolcon.colcon_core.shell[0m [1;30mINFO[0m Skip shell extension 'powershell' for command environment: Not usable outside of PowerShell
[0.319s] [34mcolcon.colcon_core.shell[0m [1;30mDEBUG[0m [32mSkip shell extension 'dsv' for command environment[0m
[0.328s] [34mcolcon.colcon_ros.task.ament_cmake.build[0m [1;30mINFO[0m Building ROS package in '/Users/ammiellewambobecker/CL2/robostack/ros2_ws/src/ros-task/workspace/limo_simulation' with build type 'ament_cmake'
[0.328s] [34mcolcon.colcon_cmake.task.cmake.build[0m [1;30mINFO[0m Building CMake package in '/Users/ammiellewambobecker/CL2/robostack/ros2_ws/src/ros-task/workspace/limo_simulation'
[0.328s] [34mcolcon.colcon_core.shell[0m [1;30mINFO[0m Skip shell extension 'powershell' for command environment: Not usable outside of PowerShell
[0.328s] [34mcolcon.colcon_core.shell[0m [1;30mDEBUG[0m [32mSkip shell extension 'dsv' for command environment[0m
[0.347s] [34mcolcon.colcon_core.event_handler.log_command[0m [1;30mDEBUG[0m [32mInvoking command in '/Users/ammiellewambobecker/CL2/robostack/ros2_ws/src/ros-task/build/limo_control': CONDA_PROMPT_MODIFIER=(base) PIXI_PROMPT=(robostack:humble) SHLVL=3 _=/usr/bin/env /Users/ammiellewambobecker/CL2/robostack/.pixi/envs/humble/bin/cmake --build /Users/ammiellewambobecker/CL2/robostack/ros2_ws/src/ros-task/build/limo_control -- -j12 -l12[0m
[0.349s] [34mcolcon.colcon_core.event_handler.log_command[0m [1;30mDEBUG[0m [32mInvoking command in '/Users/ammiellewambobecker/CL2/robostack/ros2_ws/src/ros-task/build/limo_simulation': CONDA_PROMPT_MODIFIER=(base) PIXI_PROMPT=(robostack:humble) SHLVL=3 _=/usr/bin/env /Users/ammiellewambobecker/CL2/robostack/.pixi/envs/humble/bin/cmake /Users/ammiellewambobecker/CL2/robostack/ros2_ws/src/ros-task/workspace/limo_simulation -DCMAKE_INSTALL_PREFIX=/Users/ammiellewambobecker/CL2/robostack/ros2_ws/src/ros-task/install/limo_simulation[0m
[0.655s] [34mcolcon.colcon_core.event_handler.log_command[0m [1;30mDEBUG[0m [32mInvoked command in '/Users/ammiellewambobecker/CL2/robostack/ros2_ws/src/ros-task/build/limo_control' returned '0': CONDA_PROMPT_MODIFIER=(base) PIXI_PROMPT=(robostack:humble) SHLVL=3 _=/usr/bin/env /Users/ammiellewambobecker/CL2/robostack/.pixi/envs/humble/bin/cmake --build /Users/ammiellewambobecker/CL2/robostack/ros2_ws/src/ros-task/build/limo_control -- -j12 -l12[0m
[0.741s] [34mcolcon.colcon_core.event_handler.log_command[0m [1;30mDEBUG[0m [32mInvoking command in '/Users/ammiellewambobecker/CL2/robostack/ros2_ws/src/ros-task/build/limo_control': CONDA_PROMPT_MODIFIER=(base) PIXI_PROMPT=(robostack:humble) SHLVL=3 _=/usr/bin/env /Users/ammiellewambobecker/CL2/robostack/.pixi/envs/humble/bin/cmake --install /Users/ammiellewambobecker/CL2/robostack/ros2_ws/src/ros-task/build/limo_control[0m
[0.755s] [34mcolcon.colcon_core.environment[0m [1;30mLevel 1[0m create_environment_scripts_only(limo_control)
[0.756s] [34mcolcon.colcon_core.event_handler.log_command[0m [1;30mDEBUG[0m [32mInvoked command in '/Users/ammiellewambobecker/CL2/robostack/ros2_ws/src/ros-task/build/limo_control' returned '0': CONDA_PROMPT_MODIFIER=(base) PIXI_PROMPT=(robostack:humble) SHLVL=3 _=/usr/bin/env /Users/ammiellewambobecker/CL2/robostack/.pixi/envs/humble/bin/cmake --install /Users/ammiellewambobecker/CL2/robostack/ros2_ws/src/ros-task/build/limo_control[0m
[0.759s] [34mcolcon.colcon_core.environment[0m [1;30mLevel 1[0m checking '/Users/ammiellewambobecker/CL2/robostack/ros2_ws/src/ros-task/install/limo_control' for CMake module files
[0.760s] [34mcolcon.colcon_core.environment[0m [1;30mLevel 1[0m checking '/Users/ammiellewambobecker/CL2/robostack/ros2_ws/src/ros-task/install/limo_control' for CMake config files
[0.760s] [34mcolcon.colcon_core.shell[0m [1;30mLevel 1[0m create_environment_hook('limo_control', 'cmake_prefix_path')
[0.760s] [34mcolcon.colcon_core.shell[0m [1;30mINFO[0m Creating environment hook '/Users/ammiellewambobecker/CL2/robostack/ros2_ws/src/ros-task/install/limo_control/share/limo_control/hook/cmake_prefix_path.ps1'
[0.761s] [34mcolcon.colcon_core.shell[0m [1;30mINFO[0m Creating environment descriptor '/Users/ammiellewambobecker/CL2/robostack/ros2_ws/src/ros-task/install/limo_control/share/limo_control/hook/cmake_prefix_path.dsv'
[0.762s] [34mcolcon.colcon_core.shell[0m [1;30mINFO[0m Creating environment hook '/Users/ammiellewambobecker/CL2/robostack/ros2_ws/src/ros-task/install/limo_control/share/limo_control/hook/cmake_prefix_path.sh'
[0.762s] [34mcolcon.colcon_core.environment[0m [1;30mLevel 1[0m checking '/Users/ammiellewambobecker/CL2/robostack/ros2_ws/src/ros-task/install/limo_control/lib'
[0.763s] [34mcolcon.colcon_core.environment[0m [1;30mLevel 1[0m checking '/Users/ammiellewambobecker/CL2/robostack/ros2_ws/src/ros-task/install/limo_control/bin'
[0.763s] [34mcolcon.colcon_core.environment[0m [1;30mLevel 1[0m checking '/Users/ammiellewambobecker/CL2/robostack/ros2_ws/src/ros-task/install/limo_control/lib/pkgconfig/limo_control.pc'
[0.763s] [34mcolcon.colcon_core.environment[0m [1;30mLevel 1[0m checking '/Users/ammiellewambobecker/CL2/robostack/ros2_ws/src/ros-task/install/limo_control/lib/python3.11/site-packages'
[0.763s] [34mcolcon.colcon_core.environment[0m [1;30mLevel 1[0m checking '/Users/ammiellewambobecker/CL2/robostack/ros2_ws/src/ros-task/install/limo_control/bin'
[0.763s] [34mcolcon.colcon_core.shell[0m [1;30mINFO[0m Creating package script '/Users/ammiellewambobecker/CL2/robostack/ros2_ws/src/ros-task/install/limo_control/share/limo_control/package.ps1'
[0.764s] [34mcolcon.colcon_core.shell[0m [1;30mINFO[0m Creating package descriptor '/Users/ammiellewambobecker/CL2/robostack/ros2_ws/src/ros-task/install/limo_control/share/limo_control/package.dsv'
[0.764s] [34mcolcon.colcon_core.shell[0m [1;30mINFO[0m Creating package script '/Users/ammiellewambobecker/CL2/robostack/ros2_ws/src/ros-task/install/limo_control/share/limo_control/package.sh'
[0.765s] [34mcolcon.colcon_core.shell[0m [1;30mINFO[0m Creating package script '/Users/ammiellewambobecker/CL2/robostack/ros2_ws/src/ros-task/install/limo_control/share/limo_control/package.bash'
[0.765s] [34mcolcon.colcon_core.shell[0m [1;30mINFO[0m Creating package script '/Users/ammiellewambobecker/CL2/robostack/ros2_ws/src/ros-task/install/limo_control/share/limo_control/package.zsh'
[0.766s] [34mcolcon.colcon_core.environment[0m [1;30mLevel 1[0m create_file_with_runtime_dependencies(/Users/ammiellewambobecker/CL2/robostack/ros2_ws/src/ros-task/install/limo_control/share/colcon-core/packages/limo_control)
[0.839s] [34mcolcon.colcon_core.environment[0m [1;30mLevel 1[0m create_environment_scripts_only(limo_control)
[0.839s] [34mcolcon.colcon_core.environment[0m [1;30mLevel 1[0m checking '/Users/ammiellewambobecker/CL2/robostack/ros2_ws/src/ros-task/install/limo_control' for CMake module files
[0.839s] [34mcolcon.colcon_core.environment[0m [1;30mLevel 1[0m checking '/Users/ammiellewambobecker/CL2/robostack/ros2_ws/src/ros-task/install/limo_control' for CMake config files
[0.840s] [34mcolcon.colcon_core.shell[0m [1;30mLevel 1[0m create_environment_hook('limo_control', 'cmake_prefix_path')
[0.840s] [34mcolcon.colcon_core.shell[0m [1;30mINFO[0m Creating environment hook '/Users/ammiellewambobecker/CL2/robostack/ros2_ws/src/ros-task/install/limo_control/share/limo_control/hook/cmake_prefix_path.ps1'
[0.840s] [34mcolcon.colcon_core.shell[0m [1;30mINFO[0m Creating environment descriptor '/Users/ammiellewambobecker/CL2/robostack/ros2_ws/src/ros-task/install/limo_control/share/limo_control/hook/cmake_prefix_path.dsv'
[0.841s] [34mcolcon.colcon_core.shell[0m [1;30mINFO[0m Creating environment hook '/Users/ammiellewambobecker/CL2/robostack/ros2_ws/src/ros-task/install/limo_control/share/limo_control/hook/cmake_prefix_path.sh'
[0.841s] [34mcolcon.colcon_core.environment[0m [1;30mLevel 1[0m checking '/Users/ammiellewambobecker/CL2/robostack/ros2_ws/src/ros-task/install/limo_control/lib'
[0.841s] [34mcolcon.colcon_core.environment[0m [1;30mLevel 1[0m checking '/Users/ammiellewambobecker/CL2/robostack/ros2_ws/src/ros-task/install/limo_control/bin'
[0.841s] [34mcolcon.colcon_core.environment[0m [1;30mLevel 1[0m checking '/Users/ammiellewambobecker/CL2/robostack/ros2_ws/src/ros-task/install/limo_control/lib/pkgconfig/limo_control.pc'
[0.841s] [34mcolcon.colcon_core.environment[0m [1;30mLevel 1[0m checking '/Users/ammiellewambobecker/CL2/robostack/ros2_ws/src/ros-task/install/limo_control/lib/python3.11/site-packages'
[0.841s] [34mcolcon.colcon_core.environment[0m [1;30mLevel 1[0m checking '/Users/ammiellewambobecker/CL2/robostack/ros2_ws/src/ros-task/install/limo_control/bin'
[0.841s] [34mcolcon.colcon_core.shell[0m [1;30mINFO[0m Creating package script '/Users/ammiellewambobecker/CL2/robostack/ros2_ws/src/ros-task/install/limo_control/share/limo_control/package.ps1'
[0.842s] [34mcolcon.colcon_core.shell[0m [1;30mINFO[0m Creating package descriptor '/Users/ammiellewambobecker/CL2/robostack/ros2_ws/src/ros-task/install/limo_control/share/limo_control/package.dsv'
[0.842s] [34mcolcon.colcon_core.shell[0m [1;30mINFO[0m Creating package script '/Users/ammiellewambobecker/CL2/robostack/ros2_ws/src/ros-task/install/limo_control/share/limo_control/package.sh'
[0.842s] [34mcolcon.colcon_core.shell[0m [1;30mINFO[0m Creating package script '/Users/ammiellewambobecker/CL2/robostack/ros2_ws/src/ros-task/install/limo_control/share/limo_control/package.bash'
[0.842s] [34mcolcon.colcon_core.shell[0m [1;30mINFO[0m Creating package script '/Users/ammiellewambobecker/CL2/robostack/ros2_ws/src/ros-task/install/limo_control/share/limo_control/package.zsh'
[0.842s] [34mcolcon.colcon_core.environment[0m [1;30mLevel 1[0m create_file_with_runtime_dependencies(/Users/ammiellewambobecker/CL2/robostack/ros2_ws/src/ros-task/install/limo_control/share/colcon-core/packages/limo_control)
[1.815s] [34mcolcon.colcon_core.event_handler.log_command[0m [1;30mDEBUG[0m [32mInvoked command in '/Users/ammiellewambobecker/CL2/robostack/ros2_ws/src/ros-task/build/limo_simulation' returned '0': CONDA_PROMPT_MODIFIER=(base) PIXI_PROMPT=(robostack:humble) SHLVL=3 _=/usr/bin/env /Users/ammiellewambobecker/CL2/robostack/.pixi/envs/humble/bin/cmake /Users/ammiellewambobecker/CL2/robostack/ros2_ws/src/ros-task/workspace/limo_simulation -DCMAKE_INSTALL_PREFIX=/Users/ammiellewambobecker/CL2/robostack/ros2_ws/src/ros-task/install/limo_simulation[0m
[1.816s] [34mcolcon.colcon_core.event_handler.log_command[0m [1;30mDEBUG[0m [32mInvoking command in '/Users/ammiellewambobecker/CL2/robostack/ros2_ws/src/ros-task/build/limo_simulation': CONDA_PROMPT_MODIFIER=(base) PIXI_PROMPT=(robostack:humble) SHLVL=3 _=/usr/bin/env /Users/ammiellewambobecker/CL2/robostack/.pixi/envs/humble/bin/cmake --build /Users/ammiellewambobecker/CL2/robostack/ros2_ws/src/ros-task/build/limo_simulation -- -j12 -l12[0m
[1.870s] [34mcolcon.colcon_core.event_handler.log_command[0m [1;30mDEBUG[0m [32mInvoked command in '/Users/ammiellewambobecker/CL2/robostack/ros2_ws/src/ros-task/build/limo_simulation' returned '0': CONDA_PROMPT_MODIFIER=(base) PIXI_PROMPT=(robostack:humble) SHLVL=3 _=/usr/bin/env /Users/ammiellewambobecker/CL2/robostack/.pixi/envs/humble/bin/cmake --build /Users/ammiellewambobecker/CL2/robostack/ros2_ws/src/ros-task/build/limo_simulation -- -j12 -l12[0m
[1.928s] [34mcolcon.colcon_core.event_handler.log_command[0m [1;30mDEBUG[0m [32mInvoking command in '/Users/ammiellewambobecker/CL2/robostack/ros2_ws/src/ros-task/build/limo_simulation': CONDA_PROMPT_MODIFIER=(base) PIXI_PROMPT=(robostack:humble) SHLVL=3 _=/usr/bin/env /Users/ammiellewambobecker/CL2/robostack/.pixi/envs/humble/bin/cmake --install /Users/ammiellewambobecker/CL2/robostack/ros2_ws/src/ros-task/build/limo_simulation[0m
[2.104s] [34mcolcon.colcon_core.environment[0m [1;30mLevel 1[0m create_environment_scripts_only(limo_simulation)
[2.104s] [34mcolcon.colcon_core.environment[0m [1;30mLevel 1[0m checking '/Users/ammiellewambobecker/CL2/robostack/ros2_ws/src/ros-task/install/limo_simulation' for CMake module files
[2.105s] [34mcolcon.colcon_core.event_handler.log_command[0m [1;30mDEBUG[0m [32mInvoked command in '/Users/ammiellewambobecker/CL2/robostack/ros2_ws/src/ros-task/build/limo_simulation' returned '0': CONDA_PROMPT_MODIFIER=(base) PIXI_PROMPT=(robostack:humble) SHLVL=3 _=/usr/bin/env /Users/ammiellewambobecker/CL2/robostack/.pixi/envs/humble/bin/cmake --install /Users/ammiellewambobecker/CL2/robostack/ros2_ws/src/ros-task/build/limo_simulation[0m
[2.105s] [34mcolcon.colcon_core.environment[0m [1;30mLevel 1[0m checking '/Users/ammiellewambobecker/CL2/robostack/ros2_ws/src/ros-task/install/limo_simulation' for CMake config files
[2.105s] [34mcolcon.colcon_core.shell[0m [1;30mLevel 1[0m create_environment_hook('limo_simulation', 'cmake_prefix_path')
[2.105s] [34mcolcon.colcon_core.shell[0m [1;30mINFO[0m Creating environment hook '/Users/ammiellewambobecker/CL2/robostack/ros2_ws/src/ros-task/install/limo_simulation/share/limo_simulation/hook/cmake_prefix_path.ps1'
[2.105s] [34mcolcon.colcon_core.shell[0m [1;30mINFO[0m Creating environment descriptor '/Users/ammiellewambobecker/CL2/robostack/ros2_ws/src/ros-task/install/limo_simulation/share/limo_simulation/hook/cmake_prefix_path.dsv'
[2.106s] [34mcolcon.colcon_core.shell[0m [1;30mINFO[0m Creating environment hook '/Users/ammiellewambobecker/CL2/robostack/ros2_ws/src/ros-task/install/limo_simulation/share/limo_simulation/hook/cmake_prefix_path.sh'
[2.106s] [34mcolcon.colcon_core.environment[0m [1;30mLevel 1[0m checking '/Users/ammiellewambobecker/CL2/robostack/ros2_ws/src/ros-task/install/limo_simulation/lib'
[2.106s] [34mcolcon.colcon_core.environment[0m [1;30mLevel 1[0m checking '/Users/ammiellewambobecker/CL2/robostack/ros2_ws/src/ros-task/install/limo_simulation/bin'
[2.106s] [34mcolcon.colcon_core.environment[0m [1;30mLevel 1[0m checking '/Users/ammiellewambobecker/CL2/robostack/ros2_ws/src/ros-task/install/limo_simulation/lib/pkgconfig/limo_simulation.pc'
[2.106s] [34mcolcon.colcon_core.environment[0m [1;30mLevel 1[0m checking '/Users/ammiellewambobecker/CL2/robostack/ros2_ws/src/ros-task/install/limo_simulation/lib/python3.11/site-packages'
[2.106s] [34mcolcon.colcon_core.environment[0m [1;30mLevel 1[0m checking '/Users/ammiellewambobecker/CL2/robostack/ros2_ws/src/ros-task/install/limo_simulation/bin'
[2.106s] [34mcolcon.colcon_core.shell[0m [1;30mINFO[0m Creating package script '/Users/ammiellewambobecker/CL2/robostack/ros2_ws/src/ros-task/install/limo_simulation/share/limo_simulation/package.ps1'
[2.107s] [34mcolcon.colcon_core.shell[0m [1;30mINFO[0m Creating package descriptor '/Users/ammiellewambobecker/CL2/robostack/ros2_ws/src/ros-task/install/limo_simulation/share/limo_simulation/package.dsv'
[2.107s] [34mcolcon.colcon_core.shell[0m [1;30mINFO[0m Creating package script '/Users/ammiellewambobecker/CL2/robostack/ros2_ws/src/ros-task/install/limo_simulation/share/limo_simulation/package.sh'
[2.107s] [34mcolcon.colcon_core.shell[0m [1;30mINFO[0m Creating package script '/Users/ammiellewambobecker/CL2/robostack/ros2_ws/src/ros-task/install/limo_simulation/share/limo_simulation/package.bash'
[2.107s] [34mcolcon.colcon_core.shell[0m [1;30mINFO[0m Creating package script '/Users/ammiellewambobecker/CL2/robostack/ros2_ws/src/ros-task/install/limo_simulation/share/limo_simulation/package.zsh'
[2.108s] [34mcolcon.colcon_core.environment[0m [1;30mLevel 1[0m create_file_with_runtime_dependencies(/Users/ammiellewambobecker/CL2/robostack/ros2_ws/src/ros-task/install/limo_simulation/share/colcon-core/packages/limo_simulation)
[2.164s] [34mcolcon.colcon_core.environment[0m [1;30mLevel 1[0m create_environment_scripts_only(limo_simulation)
[2.164s] [34mcolcon.colcon_core.environment[0m [1;30mLevel 1[0m checking '/Users/ammiellewambobecker/CL2/robostack/ros2_ws/src/ros-task/install/limo_simulation' for CMake module files
[2.165s] [34mcolcon.colcon_core.environment[0m [1;30mLevel 1[0m checking '/Users/ammiellewambobecker/CL2/robostack/ros2_ws/src/ros-task/install/limo_simulation' for CMake config files
[2.165s] [34mcolcon.colcon_core.shell[0m [1;30mLevel 1[0m create_environment_hook('limo_simulation', 'cmake_prefix_path')
[2.165s] [34mcolcon.colcon_core.shell[0m [1;30mINFO[0m Creating environment hook '/Users/ammiellewambobecker/CL2/robostack/ros2_ws/src/ros-task/install/limo_simulation/share/limo_simulation/hook/cmake_prefix_path.ps1'
[2.165s] [34mcolcon.colcon_core.shell[0m [1;30mINFO[0m Creating environment descriptor '/Users/ammiellewambobecker/CL2/robostack/ros2_ws/src/ros-task/install/limo_simulation/share/limo_simulation/hook/cmake_prefix_path.dsv'
[2.165s] [34mcolcon.colcon_core.shell[0m [1;30mINFO[0m Creating environment hook '/Users/ammiellewambobecker/CL2/robostack/ros2_ws/src/ros-task/install/limo_simulation/share/limo_simulation/hook/cmake_prefix_path.sh'
[2.166s] [34mcolcon.colcon_core.environment[0m [1;30mLevel 1[0m checking '/Users/ammiellewambobecker/CL2/robostack/ros2_ws/src/ros-task/install/limo_simulation/lib'
[2.166s] [34mcolcon.colcon_core.environment[0m [1;30mLevel 1[0m checking '/Users/ammiellewambobecker/CL2/robostack/ros2_ws/src/ros-task/install/limo_simulation/bin'
[2.166s] [34mcolcon.colcon_core.environment[0m [1;30mLevel 1[0m checking '/Users/ammiellewambobecker/CL2/robostack/ros2_ws/src/ros-task/install/limo_simulation/lib/pkgconfig/limo_simulation.pc'
[2.166s] [34mcolcon.colcon_core.environment[0m [1;30mLevel 1[0m checking '/Users/ammiellewambobecker/CL2/robostack/ros2_ws/src/ros-task/install/limo_simulation/lib/python3.11/site-packages'
[2.166s] [34mcolcon.colcon_core.environment[0m [1;30mLevel 1[0m checking '/Users/ammiellewambobecker/CL2/robostack/ros2_ws/src/ros-task/install/limo_simulation/bin'
[2.166s] [34mcolcon.colcon_core.shell[0m [1;30mINFO[0m Creating package script '/Users/ammiellewambobecker/CL2/robostack/ros2_ws/src/ros-task/install/limo_simulation/share/limo_simulation/package.ps1'
[2.166s] [34mcolcon.colcon_core.shell[0m [1;30mINFO[0m Creating package descriptor '/Users/ammiellewambobecker/CL2/robostack/ros2_ws/src/ros-task/install/limo_simulation/share/limo_simulation/package.dsv'
[2.167s] [34mcolcon.colcon_core.shell[0m [1;30mINFO[0m Creating package script '/Users/ammiellewambobecker/CL2/robostack/ros2_ws/src/ros-task/install/limo_simulation/share/limo_simulation/package.sh'
[2.167s] [34mcolcon.colcon_core.shell[0m [1;30mINFO[0m Creating package script '/Users/ammiellewambobecker/CL2/robostack/ros2_ws/src/ros-task/install/limo_simulation/share/limo_simulation/package.bash'
[2.167s] [34mcolcon.colcon_core.shell[0m [1;30mINFO[0m Creating package script '/Users/ammiellewambobecker/CL2/robostack/ros2_ws/src/ros-task/install/limo_simulation/share/limo_simulation/package.zsh'
[2.167s] [34mcolcon.colcon_core.environment[0m [1;30mLevel 1[0m create_file_with_runtime_dependencies(/Users/ammiellewambobecker/CL2/robostack/ros2_ws/src/ros-task/install/limo_simulation/share/colcon-core/packages/limo_simulation)
[2.168s] [34mcolcon.colcon_parallel_executor.executor.parallel[0m [1;30mDEBUG[0m [32mclosing loop[0m
[2.168s] [34mcolcon.colcon_parallel_executor.executor.parallel[0m [1;30mDEBUG[0m [32mloop closed[0m
[2.168s] [34mcolcon.colcon_parallel_executor.executor.parallel[0m [1;30mDEBUG[0m [32mrun_until_complete finished with '0'[0m
[2.168s] [34mcolcon.colcon_core.event_reactor[0m [1;30mDEBUG[0m [32mjoining thread[0m
[2.170s] [34mcolcon.colcon_core.plugin_system[0m [1;30mINFO[0m Skipping extension 'colcon_notification.desktop_notification.notify2': 'notify2' not found
[2.170s] [34mcolcon.colcon_core.plugin_system[0m [1;30mINFO[0m Skipping extension 'colcon_notification.desktop_notification.notify_send': Not used on non-Linux systems
[2.170s] [34mcolcon.colcon_core.plugin_system[0m [1;30mINFO[0m Skipping extension 'colcon_notification.desktop_notification.win32': Not used on non-Windows systems
[2.170s] [34mcolcon.colcon_notification.desktop_notification[0m [1;30mINFO[0m Sending desktop notification using 'terminal_notifier'
[2.223s] [34mcolcon.colcon_core.event_reactor[0m [1;30mDEBUG[0m [32mjoined thread[0m
[2.223s] [34mcolcon.colcon_core.shell[0m [1;30mINFO[0m Creating prefix script '/Users/ammiellewambobecker/CL2/robostack/ros2_ws/src/ros-task/install/local_setup.ps1'
[2.224s] [34mcolcon.colcon_core.shell[0m [1;30mINFO[0m Creating prefix util module '/Users/ammiellewambobecker/CL2/robostack/ros2_ws/src/ros-task/install/_local_setup_util_ps1.py'
[2.225s] [34mcolcon.colcon_core.shell[0m [1;30mINFO[0m Creating prefix chain script '/Users/ammiellewambobecker/CL2/robostack/ros2_ws/src/ros-task/install/setup.ps1'
[2.227s] [34mcolcon.colcon_core.shell[0m [1;30mINFO[0m Creating prefix script '/Users/ammiellewambobecker/CL2/robostack/ros2_ws/src/ros-task/install/local_setup.sh'
[2.227s] [34mcolcon.colcon_core.shell[0m [1;30mINFO[0m Creating prefix util module '/Users/ammiellewambobecker/CL2/robostack/ros2_ws/src/ros-task/install/_local_setup_util_sh.py'
[2.227s] [34mcolcon.colcon_core.shell[0m [1;30mINFO[0m Creating prefix chain script '/Users/ammiellewambobecker/CL2/robostack/ros2_ws/src/ros-task/install/setup.sh'
[2.228s] [34mcolcon.colcon_core.shell[0m [1;30mINFO[0m Creating prefix script '/Users/ammiellewambobecker/CL2/robostack/ros2_ws/src/ros-task/install/local_setup.bash'
[2.229s] [34mcolcon.colcon_core.shell[0m [1;30mINFO[0m Creating prefix chain script '/Users/ammiellewambobecker/CL2/robostack/ros2_ws/src/ros-task/install/setup.bash'
[2.230s] [34mcolcon.colcon_core.shell[0m [1;30mINFO[0m Creating prefix script '/Users/ammiellewambobecker/CL2/robostack/ros2_ws/src/ros-task/install/local_setup.zsh'
[2.231s] [34mcolcon.colcon_core.shell[0m [1;30mINFO[0m Creating prefix chain script '/Users/ammiellewambobecker/CL2/robostack/ros2_ws/src/ros-task/install/setup.zsh'
