-- Found ament_cmake: 1.3.11 (/Users/ammiellewambobecker/CL2/robostack/.pixi/envs/humble/share/ament_cmake/cmake)
-- Override CMake install command with custom implementation using symlinks instead of copying resources
-- Found rclcpp: 16.0.11 (/Users/ammiellewambobecker/CL2/robostack/.pixi/envs/humble/share/rclcpp/cmake)
-- Found rosidl_generator_c: 3.1.6 (/Users/ammiellewambobecker/CL2/robostack/.pixi/envs/humble/share/rosidl_generator_c/cmake)
-- Found rosidl_adapter: 3.1.6 (/Users/ammiellewambobecker/CL2/robostack/.pixi/envs/humble/share/rosidl_adapter/cmake)
-- Found rosidl_generator_cpp: 3.1.6 (/Users/ammiellewambobecker/CL2/robostack/.pixi/envs/humble/share/rosidl_generator_cpp/cmake)
-- Using all available rosidl_typesupport_c: rosidl_typesupport_fastrtps_c;rosidl_typesupport_introspection_c
-- Using all available rosidl_typesupport_cpp: rosidl_typesupport_fastrtps_cpp;rosidl_typesupport_introspection_cpp
-- Found rmw_implementation_cmake: 6.1.2 (/Users/ammiellewambobecker/CL2/robostack/.pixi/envs/humble/share/rmw_implementation_cmake/cmake)
-- Found rmw_fastrtps_cpp: 6.2.7 (/Users/ammiellewambobecker/CL2/robostack/.pixi/envs/humble/share/rmw_fastrtps_cpp/cmake)
-- Using RMW implementation 'rmw_fastrtps_cpp' as default
-- Found geometry_msgs: 4.2.4 (/Users/ammiellewambobecker/CL2/robostack/.pixi/envs/humble/share/geometry_msgs/cmake)
-- Found nav_msgs: 4.2.4 (/Users/ammiellewambobecker/CL2/robostack/.pixi/envs/humble/share/nav_msgs/cmake)
-- Configuring done (0.9s)
-- Generating done (0.0s)
-- Build files have been written to: /Users/ammiellewambobecker/CL2/robostack/ros2_ws/src/ros-task/build/limo_control
Change Dir: '/Users/ammiellewambobecker/CL2/robostack/ros2_ws/src/ros-task/build/limo_control'

Run Build Command(s): /Users/ammiellewambobecker/CL2/robostack/ros2_ws/src/ros-task/.pixi/envs/default/bin/cmake -E env VERBOSE=1 /Users/ammiellewambobecker/CL2/robostack/.pixi/envs/humble/bin/make -f Makefile -j12 -l12
/Users/ammiellewambobecker/CL2/robostack/ros2_ws/src/ros-task/.pixi/envs/default/bin/cmake -S/Users/ammiellewambobecker/CL2/robostack/ros2_ws/src/ros-task/workspace/limo_control -B/Users/ammiellewambobecker/CL2/robostack/ros2_ws/src/ros-task/build/limo_control --check-build-system CMakeFiles/Makefile.cmake 0
/Users/ammiellewambobecker/CL2/robostack/ros2_ws/src/ros-task/.pixi/envs/default/bin/cmake -E cmake_progress_start /Users/ammiellewambobecker/CL2/robostack/ros2_ws/src/ros-task/build/limo_control/CMakeFiles /Users/ammiellewambobecker/CL2/robostack/ros2_ws/src/ros-task/build/limo_control//CMakeFiles/progress.marks
/Users/ammiellewambobecker/CL2/robostack/.pixi/envs/humble/bin/make  -f CMakeFiles/Makefile2 all
make[1]: Entering directory '/Users/ammiellewambobecker/CL2/robostack/ros2_ws/src/ros-task/build/limo_control'
make[1]: Nothing to be done for 'all'.
make[1]: Leaving directory '/Users/ammiellewambobecker/CL2/robostack/ros2_ws/src/ros-task/build/limo_control'
/Users/ammiellewambobecker/CL2/robostack/ros2_ws/src/ros-task/.pixi/envs/default/bin/cmake -E cmake_progress_start /Users/ammiellewambobecker/CL2/robostack/ros2_ws/src/ros-task/build/limo_control/CMakeFiles 0

-- Install configuration: ""
-- Execute custom install script
-- Symlinking: /Users/ammiellewambobecker/CL2/robostack/ros2_ws/src/ros-task/install/limo_control/share/ament_index/resource_index/package_run_dependencies/limo_control
-- Symlinking: /Users/ammiellewambobecker/CL2/robostack/ros2_ws/src/ros-task/install/limo_control/share/ament_index/resource_index/parent_prefix_path/limo_control
-- Symlinking: /Users/ammiellewambobecker/CL2/robostack/ros2_ws/src/ros-task/install/limo_control/share/limo_control/environment/ament_prefix_path.sh
-- Symlinking: /Users/ammiellewambobecker/CL2/robostack/ros2_ws/src/ros-task/install/limo_control/share/limo_control/environment/ament_prefix_path.dsv
-- Symlinking: /Users/ammiellewambobecker/CL2/robostack/ros2_ws/src/ros-task/install/limo_control/share/limo_control/environment/path.sh
-- Symlinking: /Users/ammiellewambobecker/CL2/robostack/ros2_ws/src/ros-task/install/limo_control/share/limo_control/environment/path.dsv
-- Symlinking: /Users/ammiellewambobecker/CL2/robostack/ros2_ws/src/ros-task/install/limo_control/share/limo_control/local_setup.bash
-- Symlinking: /Users/ammiellewambobecker/CL2/robostack/ros2_ws/src/ros-task/install/limo_control/share/limo_control/local_setup.sh
-- Symlinking: /Users/ammiellewambobecker/CL2/robostack/ros2_ws/src/ros-task/install/limo_control/share/limo_control/local_setup.zsh
-- Symlinking: /Users/ammiellewambobecker/CL2/robostack/ros2_ws/src/ros-task/install/limo_control/share/limo_control/local_setup.dsv
-- Symlinking: /Users/ammiellewambobecker/CL2/robostack/ros2_ws/src/ros-task/install/limo_control/share/limo_control/package.dsv
-- Symlinking: /Users/ammiellewambobecker/CL2/robostack/ros2_ws/src/ros-task/install/limo_control/share/ament_index/resource_index/packages/limo_control
-- Symlinking: /Users/ammiellewambobecker/CL2/robostack/ros2_ws/src/ros-task/install/limo_control/share/limo_control/cmake/limo_controlConfig.cmake
-- Symlinking: /Users/ammiellewambobecker/CL2/robostack/ros2_ws/src/ros-task/install/limo_control/share/limo_control/cmake/limo_controlConfig-version.cmake
-- Symlinking: /Users/ammiellewambobecker/CL2/robostack/ros2_ws/src/ros-task/install/limo_control/share/limo_control/package.xml
