[0.015s] Invoking command in '/Users/ammiellewambobecker/CL2/robostack/ros2_ws/src/ros-task/build/limo_control': CMAKE_PREFIX_PATH=${CMAKE_PREFIX_PATH}:/Users/ammiellewambobecker/CL2/robostack/ros2_ws/src/ros-task/.pixi/envs/default CONDA_PROMPT_MODIFIER=(base) PIXI_PROMPT=(ros-task) SHLVL=2 _=/usr/bin/env /Users/ammiellewambobecker/CL2/robostack/ros2_ws/src/ros-task/.pixi/envs/default/bin/cmake /Users/ammiellewambobecker/CL2/robostack/ros2_ws/src/ros-task/workspace/limo_control -DAMENT_CMAKE_SYMLINK_INSTALL=1 -DCMAKE_INSTALL_PREFIX=/Users/ammiellewambobecker/CL2/robostack/ros2_ws/src/ros-task/install/limo_control
[0.065s] CMake Deprecation Warning at CMakeLists.txt:1 (cmake_minimum_required):
[0.065s]   Compatibility with CMake < 3.10 will be removed from a future version of
[0.065s]   CMake.
[0.065s] 
[0.065s]   Update the VERSION argument <min> value.  Or, use the <min>...<max> syntax
[0.065s]   to tell CMake that the project requires at least <min> but has been updated
[0.065s]   to work with policies introduced by <max> or earlier.
[0.065s] 
[0.066s] 
[0.132s] -- Found ament_cmake: 1.3.11 (/Users/ammiellewambobecker/CL2/robostack/.pixi/envs/humble/share/ament_cmake/cmake)
[0.296s] -- Override CMake install command with custom implementation using symlinks instead of copying resources
[0.311s] -- Found rclcpp: 16.0.11 (/Users/ammiellewambobecker/CL2/robostack/.pixi/envs/humble/share/rclcpp/cmake)
[0.354s] -- Found rosidl_generator_c: 3.1.6 (/Users/ammiellewambobecker/CL2/robostack/.pixi/envs/humble/share/rosidl_generator_c/cmake)
[0.357s] -- Found rosidl_adapter: 3.1.6 (/Users/ammiellewambobecker/CL2/robostack/.pixi/envs/humble/share/rosidl_adapter/cmake)
[0.365s] -- Found rosidl_generator_cpp: 3.1.6 (/Users/ammiellewambobecker/CL2/robostack/.pixi/envs/humble/share/rosidl_generator_cpp/cmake)
[0.377s] -- Using all available rosidl_typesupport_c: rosidl_typesupport_fastrtps_c;rosidl_typesupport_introspection_c
[0.391s] -- Using all available rosidl_typesupport_cpp: rosidl_typesupport_fastrtps_cpp;rosidl_typesupport_introspection_cpp
[0.635s] -- Found rmw_implementation_cmake: 6.1.2 (/Users/ammiellewambobecker/CL2/robostack/.pixi/envs/humble/share/rmw_implementation_cmake/cmake)
[0.637s] -- Found rmw_fastrtps_cpp: 6.2.7 (/Users/ammiellewambobecker/CL2/robostack/.pixi/envs/humble/share/rmw_fastrtps_cpp/cmake)
[0.780s] -- Using RMW implementation 'rmw_fastrtps_cpp' as default
[0.825s] -- Found geometry_msgs: 4.2.4 (/Users/ammiellewambobecker/CL2/robostack/.pixi/envs/humble/share/geometry_msgs/cmake)
[0.858s] -- Found nav_msgs: 4.2.4 (/Users/ammiellewambobecker/CL2/robostack/.pixi/envs/humble/share/nav_msgs/cmake)
[0.952s] -- Configuring done (0.9s)
[0.972s] -- Generating done (0.0s)
[0.972s] -- Build files have been written to: /Users/ammiellewambobecker/CL2/robostack/ros2_ws/src/ros-task/build/limo_control
[0.975s] Invoked command in '/Users/ammiellewambobecker/CL2/robostack/ros2_ws/src/ros-task/build/limo_control' returned '0': CMAKE_PREFIX_PATH=${CMAKE_PREFIX_PATH}:/Users/ammiellewambobecker/CL2/robostack/ros2_ws/src/ros-task/.pixi/envs/default CONDA_PROMPT_MODIFIER=(base) PIXI_PROMPT=(ros-task) SHLVL=2 _=/usr/bin/env /Users/ammiellewambobecker/CL2/robostack/ros2_ws/src/ros-task/.pixi/envs/default/bin/cmake /Users/ammiellewambobecker/CL2/robostack/ros2_ws/src/ros-task/workspace/limo_control -DAMENT_CMAKE_SYMLINK_INSTALL=1 -DCMAKE_INSTALL_PREFIX=/Users/ammiellewambobecker/CL2/robostack/ros2_ws/src/ros-task/install/limo_control
[0.978s] Invoking command in '/Users/ammiellewambobecker/CL2/robostack/ros2_ws/src/ros-task/build/limo_control': CMAKE_PREFIX_PATH=${CMAKE_PREFIX_PATH}:/Users/ammiellewambobecker/CL2/robostack/ros2_ws/src/ros-task/.pixi/envs/default CONDA_PROMPT_MODIFIER=(base) PIXI_PROMPT=(ros-task) SHLVL=2 _=/usr/bin/env /Users/ammiellewambobecker/CL2/robostack/ros2_ws/src/ros-task/.pixi/envs/default/bin/cmake --build /Users/ammiellewambobecker/CL2/robostack/ros2_ws/src/ros-task/build/limo_control -- -j12 -l12
[0.989s] Change Dir: '/Users/ammiellewambobecker/CL2/robostack/ros2_ws/src/ros-task/build/limo_control'
[0.989s] 
[0.989s] Run Build Command(s): /Users/ammiellewambobecker/CL2/robostack/ros2_ws/src/ros-task/.pixi/envs/default/bin/cmake -E env VERBOSE=1 /Users/ammiellewambobecker/CL2/robostack/.pixi/envs/humble/bin/make -f Makefile -j12 -l12
[1.002s] /Users/ammiellewambobecker/CL2/robostack/ros2_ws/src/ros-task/.pixi/envs/default/bin/cmake -S/Users/ammiellewambobecker/CL2/robostack/ros2_ws/src/ros-task/workspace/limo_control -B/Users/ammiellewambobecker/CL2/robostack/ros2_ws/src/ros-task/build/limo_control --check-build-system CMakeFiles/Makefile.cmake 0
[1.015s] /Users/ammiellewambobecker/CL2/robostack/ros2_ws/src/ros-task/.pixi/envs/default/bin/cmake -E cmake_progress_start /Users/ammiellewambobecker/CL2/robostack/ros2_ws/src/ros-task/build/limo_control/CMakeFiles /Users/ammiellewambobecker/CL2/robostack/ros2_ws/src/ros-task/build/limo_control//CMakeFiles/progress.marks
[1.025s] /Users/ammiellewambobecker/CL2/robostack/.pixi/envs/humble/bin/make  -f CMakeFiles/Makefile2 all
[1.027s] make[1]: Entering directory '/Users/ammiellewambobecker/CL2/robostack/ros2_ws/src/ros-task/build/limo_control'
[1.027s] make[1]: Nothing to be done for 'all'.
[1.027s] make[1]: Leaving directory '/Users/ammiellewambobecker/CL2/robostack/ros2_ws/src/ros-task/build/limo_control'
[1.027s] /Users/ammiellewambobecker/CL2/robostack/ros2_ws/src/ros-task/.pixi/envs/default/bin/cmake -E cmake_progress_start /Users/ammiellewambobecker/CL2/robostack/ros2_ws/src/ros-task/build/limo_control/CMakeFiles 0
[1.037s] 
[1.038s] Invoked command in '/Users/ammiellewambobecker/CL2/robostack/ros2_ws/src/ros-task/build/limo_control' returned '0': CMAKE_PREFIX_PATH=${CMAKE_PREFIX_PATH}:/Users/ammiellewambobecker/CL2/robostack/ros2_ws/src/ros-task/.pixi/envs/default CONDA_PROMPT_MODIFIER=(base) PIXI_PROMPT=(ros-task) SHLVL=2 _=/usr/bin/env /Users/ammiellewambobecker/CL2/robostack/ros2_ws/src/ros-task/.pixi/envs/default/bin/cmake --build /Users/ammiellewambobecker/CL2/robostack/ros2_ws/src/ros-task/build/limo_control -- -j12 -l12
[1.105s] Invoking command in '/Users/ammiellewambobecker/CL2/robostack/ros2_ws/src/ros-task/build/limo_control': CMAKE_PREFIX_PATH=${CMAKE_PREFIX_PATH}:/Users/ammiellewambobecker/CL2/robostack/ros2_ws/src/ros-task/.pixi/envs/default CONDA_PROMPT_MODIFIER=(base) PIXI_PROMPT=(ros-task) SHLVL=2 _=/usr/bin/env /Users/ammiellewambobecker/CL2/robostack/ros2_ws/src/ros-task/.pixi/envs/default/bin/cmake --install /Users/ammiellewambobecker/CL2/robostack/ros2_ws/src/ros-task/build/limo_control
[1.115s] -- Install configuration: ""
[1.116s] -- Execute custom install script
[1.116s] -- Symlinking: /Users/ammiellewambobecker/CL2/robostack/ros2_ws/src/ros-task/install/limo_control/share/ament_index/resource_index/package_run_dependencies/limo_control
[1.126s] -- Symlinking: /Users/ammiellewambobecker/CL2/robostack/ros2_ws/src/ros-task/install/limo_control/share/ament_index/resource_index/parent_prefix_path/limo_control
[1.137s] -- Symlinking: /Users/ammiellewambobecker/CL2/robostack/ros2_ws/src/ros-task/install/limo_control/share/limo_control/environment/ament_prefix_path.sh
[1.148s] -- Symlinking: /Users/ammiellewambobecker/CL2/robostack/ros2_ws/src/ros-task/install/limo_control/share/limo_control/environment/ament_prefix_path.dsv
[1.159s] -- Symlinking: /Users/ammiellewambobecker/CL2/robostack/ros2_ws/src/ros-task/install/limo_control/share/limo_control/environment/path.sh
[1.170s] -- Symlinking: /Users/ammiellewambobecker/CL2/robostack/ros2_ws/src/ros-task/install/limo_control/share/limo_control/environment/path.dsv
[1.181s] -- Symlinking: /Users/ammiellewambobecker/CL2/robostack/ros2_ws/src/ros-task/install/limo_control/share/limo_control/local_setup.bash
[1.192s] -- Symlinking: /Users/ammiellewambobecker/CL2/robostack/ros2_ws/src/ros-task/install/limo_control/share/limo_control/local_setup.sh
[1.202s] -- Symlinking: /Users/ammiellewambobecker/CL2/robostack/ros2_ws/src/ros-task/install/limo_control/share/limo_control/local_setup.zsh
[1.212s] -- Symlinking: /Users/ammiellewambobecker/CL2/robostack/ros2_ws/src/ros-task/install/limo_control/share/limo_control/local_setup.dsv
[1.221s] -- Symlinking: /Users/ammiellewambobecker/CL2/robostack/ros2_ws/src/ros-task/install/limo_control/share/limo_control/package.dsv
[1.231s] -- Symlinking: /Users/ammiellewambobecker/CL2/robostack/ros2_ws/src/ros-task/install/limo_control/share/ament_index/resource_index/packages/limo_control
[1.241s] -- Symlinking: /Users/ammiellewambobecker/CL2/robostack/ros2_ws/src/ros-task/install/limo_control/share/limo_control/cmake/limo_controlConfig.cmake
[1.251s] -- Symlinking: /Users/ammiellewambobecker/CL2/robostack/ros2_ws/src/ros-task/install/limo_control/share/limo_control/cmake/limo_controlConfig-version.cmake
[1.261s] -- Symlinking: /Users/ammiellewambobecker/CL2/robostack/ros2_ws/src/ros-task/install/limo_control/share/limo_control/package.xml
[1.272s] Invoked command in '/Users/ammiellewambobecker/CL2/robostack/ros2_ws/src/ros-task/build/limo_control' returned '0': CMAKE_PREFIX_PATH=${CMAKE_PREFIX_PATH}:/Users/ammiellewambobecker/CL2/robostack/ros2_ws/src/ros-task/.pixi/envs/default CONDA_PROMPT_MODIFIER=(base) PIXI_PROMPT=(ros-task) SHLVL=2 _=/usr/bin/env /Users/ammiellewambobecker/CL2/robostack/ros2_ws/src/ros-task/.pixi/envs/default/bin/cmake --install /Users/ammiellewambobecker/CL2/robostack/ros2_ws/src/ros-task/build/limo_control
